<?xml version="1.0" encoding="utf-8"?><testsuites name="pytest tests"><testsuite name="pytest" errors="0" failures="0" skipped="0" tests="25" time="6.034" timestamp="2026-07-24T14:18:20.743762+00:00" hostname="agent-env-1df9cc5b-5270-417e-8b23-409e242739c1"><testcase classname="tests.test_admin" name="test_admin_endpoint_requires_auth[GET-/admin/me]" time="0.140" /><testcase classname="tests.test_admin" name="test_admin_endpoint_requires_auth[GET-/admin/stats]" time="0.082" /><testcase classname="tests.test_admin" name="test_admin_endpoint_requires_auth[GET-/admin/applications]" time="0.084" /><testcase classname="tests.test_admin" name="test_admin_endpoint_requires_auth[GET-/admin/applications/xyz]" time="0.084" /><testcase classname="tests.test_admin" name="test_admin_endpoint_requires_auth[PATCH-/admin/applications/xyz]" time="0.075" /><testcase classname="tests.test_admin" name="test_admin_endpoint_requires_auth[POST-/admin/applications/xyz/approve]" time="0.087" /><testcase classname="tests.test_admin" name="test_admin_endpoint_requires_auth[POST-/admin/applications/xyz/reject]" time="0.081" /><testcase classname="tests.test_admin" name="test_admin_endpoint_requires_auth[DELETE-/admin/applications/xyz]" time="0.086" /><testcase classname="tests.test_admin" name="test_admin_endpoint_requires_auth[GET-/admin/crew]" time="0.077" /><testcase classname="tests.test_admin" name="test_admin_endpoint_requires_auth[PATCH-/admin/crew/xyz]" time="0.082" /><testcase classname="tests.test_admin" name="test_admin_endpoint_requires_auth[POST-/admin/crew/xyz/portrait]" time="0.091" /><testcase classname="tests.test_admin" name="test_admin_endpoint_requires_auth[DELETE-/admin/crew/xyz]" time="0.080" /><testcase classname="tests.test_admin" name="test_non_admin_gets_403" time="1.260" /><testcase classname="tests.test_admin" name="test_admin_me" time="0.083" /><testcase classname="tests.test_admin" name="test_admin_stats" time="0.088" /><testcase classname="tests.test_admin" name="test_admin_applications_filters" time="0.753" /><testcase classname="tests.test_admin" name="test_approve_creates_public_crew_member_and_sync_and_delete" time="1.291" /><testcase classname="tests.test_admin" name="test_reject_does_not_publish_and_delete_cleanup" time="0.480" /><testcase classname="tests.test_admin" name="test_public_endpoints_still_work[/crew]" time="0.104" /><testcase classname="tests.test_admin" name="test_public_endpoints_still_work[/live/status]" time="0.077" /><testcase classname="tests.test_admin" name="test_public_endpoints_still_work[/podcasts]" time="0.084" /><testcase classname="tests.test_admin" name="test_public_endpoints_still_work[/news]" time="0.076" /><testcase classname="tests.test_admin" name="test_public_endpoints_still_work[/programs]" time="0.071" /><testcase classname="tests.test_admin" name="test_luigi_and_concetta_untouched" time="0.280" /><testcase classname="tests.test_admin" name="test_zzz_final_cleanup" time="0.267" /></testsuite></testsuites>