<?xml version="1.0" encoding="utf-8"?><testsuites name="pytest tests"><testsuite name="pytest" errors="0" failures="0" skipped="0" tests="31" time="8.951" timestamp="2026-07-31T09:48:47.121398+00:00" hostname="agent-env-1df9cc5b-5270-417e-8b23-409e242739c1"><testcase classname="tests.test_finance.TestHealth" name="test_base_reachable" time="0.283" /><testcase classname="tests.test_finance.TestRBAC" name="test_listener_summary_forbidden" time="0.521" /><testcase classname="tests.test_finance.TestRBAC" name="test_listener_entries_forbidden" time="0.091" /><testcase classname="tests.test_finance.TestRBAC" name="test_listener_audit_forbidden" time="0.091" /><testcase classname="tests.test_finance.TestRBAC" name="test_collab_no_finance_forbidden" time="1.119" /><testcase classname="tests.test_finance.TestRBAC" name="test_collab_finance_can_read_summary" time="0.778" /><testcase classname="tests.test_finance.TestRBAC" name="test_collab_finance_can_read_entries" time="0.086" /><testcase classname="tests.test_finance.TestRBAC" name="test_collab_finance_cannot_create_entry" time="0.081" /><testcase classname="tests.test_finance.TestRBAC" name="test_collab_finance_cannot_delete" time="0.085" /><testcase classname="tests.test_finance.TestRBAC" name="test_collab_finance_cannot_read_audit" time="0.091" /><testcase classname="tests.test_finance.TestEntries" name="test_create_income_and_audit" time="0.281" /><testcase classname="tests.test_finance.TestEntries" name="test_create_expense" time="0.099" /><testcase classname="tests.test_finance.TestEntries" name="test_invalid_category" time="0.078" /><testcase classname="tests.test_finance.TestEntries" name="test_invalid_amount_zero" time="0.073" /><testcase classname="tests.test_finance.TestEntries" name="test_invalid_amount_negative" time="0.076" /><testcase classname="tests.test_finance.TestEntries" name="test_update_creates_audit_update" time="0.346" /><testcase classname="tests.test_finance.TestEntries" name="test_delete_creates_audit_delete" time="0.329" /><testcase classname="tests.test_finance.TestSummaryAndLedger" name="test_summary_math" time="0.080" /><testcase classname="tests.test_finance.TestSummaryAndLedger" name="test_current_month_totals" time="0.339" /><testcase classname="tests.test_finance.TestSummaryAndLedger" name="test_ledger_running_balance" time="0.089" /><testcase classname="tests.test_finance.TestFilters" name="test_filter_type" time="0.444" /><testcase classname="tests.test_finance.TestFilters" name="test_filter_category" time="0.080" /><testcase classname="tests.test_finance.TestFilters" name="test_filter_year_month" time="0.108" /><testcase classname="tests.test_finance.TestFilters" name="test_filter_amount_range" time="0.083" /><testcase classname="tests.test_finance.TestFilters" name="test_filter_q_text" time="0.085" /><testcase classname="tests.test_finance.TestDecisions" name="test_decision_crud_and_audit" time="0.507" /><testcase classname="tests.test_finance.TestAuditImmutability" name="test_audit_has_no_write_endpoints" time="0.326" /><testcase classname="tests.test_finance.TestAuditImmutability" name="test_audit_delete_by_id_not_allowed" time="0.076" /><testcase classname="tests.test_finance.TestAutoIncomeIdempotency" name="test_direct_helper_idempotent" time="1.128" /><testcase classname="tests.test_finance.TestCleanup" name="test_cleanup_created" time="0.735" /><testcase classname="tests.test_finance.TestCleanup" name="test_cleanup_users" time="0.267" /></testsuite></testsuites>