<?xml version="1.0" encoding="utf-8"?><testsuites name="pytest tests"><testsuite name="pytest" errors="0" failures="0" skipped="0" tests="12" time="1.733" timestamp="2026-07-30T07:12:12.729142+00:00" hostname="agent-env-1df9cc5b-5270-417e-8b23-409e242739c1"><testcase classname="tests.test_bible.TestResolve" name="test_resolve_reference_string" time="0.462" /><testcase classname="tests.test_bible.TestChapter" name="test_giovanni_chapter_3" time="0.423" /><testcase classname="tests.test_bible.TestChapter" name="test_unknown_book_returns_404" time="0.078" /><testcase classname="tests.test_bible.TestResolve" name="test_resolve_book_chapter_verse" time="0.040" /><testcase classname="tests.test_bible.TestChapter" name="test_unknown_chapter_returns_404" time="0.037" /><testcase classname="tests.test_bible.TestResolve" name="test_resolve_unknown_book_404" time="0.080" /><testcase classname="tests.test_bible.TestSearch" name="test_search_pescatori_returns_results" time="0.044" /><testcase classname="tests.test_bible.TestBibleState" name="test_state_requires_auth" time="0.130" /><testcase classname="tests.test_bible.TestSearch" name="test_search_regex_special_no_500" time="0.059" /><testcase classname="tests.test_bible.TestTranslations" name="test_translations_lists_riveduta_default" time="0.075" /><testcase classname="tests.test_bible.TestBibleState" name="test_state_put_and_get" time="0.508" /><testcase classname="tests.test_bible.TestBooks" name="test_books_counts_and_shape" time="0.046" /></testsuite></testsuites>