<?xml version="1.0" encoding="utf-8"?><testsuites name="pytest tests"><testsuite name="pytest" errors="0" failures="1" skipped="0" tests="22" time="2.247" timestamp="2026-07-31T18:10:58.204830+00:00" hostname="agent-env-1df9cc5b-5270-417e-8b23-409e242739c1"><testcase classname="tests.test_agenda.TestAgendaEventsFlow" name="test_create_event_today" time="0.591" /><testcase classname="tests.test_agenda.TestInbox" name="test_inbox_list_and_unread_count" time="0.699" /><testcase classname="tests.test_agenda.TestAgendaEventsFlow" name="test_dashboard_today_contains_new" time="0.042" /><testcase classname="tests.test_agenda.TestAgendaEventsFlow" name="test_get_event_details" time="0.098" /><testcase classname="tests.test_agenda.TestAgendaEventsFlow" name="test_rsvp_yes" time="0.045" /><testcase classname="tests.test_agenda.TestAgendaEventsFlow" name="test_rsvp_invalid" time="0.238" /><testcase classname="tests.test_agenda.TestAgendaEventsFlow" name="test_task_create_and_toggle" time="0.126" /><testcase classname="tests.test_agenda.TestInbox" name="test_invite_creates_notification_for_invitee" time="0.612" /><testcase classname="tests.test_agenda.TestAgendaEventsFlow" name="test_comment_create" time="0.041" /><testcase classname="tests.test_agenda.TestAgendaEventsFlow" name="test_attachment_link" time="0.083" /><testcase classname="tests.test_agenda.TestAgendaEventsFlow" name="test_update_event" time="0.122" /><testcase classname="tests.test_agenda.TestInbox" name="test_read_all" time="0.094" /><testcase classname="tests.test_agenda.TestAgendaEventsFlow" name="test_delete_event" time="0.160" /><testcase classname="tests.test_agenda.TestInbox" name="test_cleanup_invite_event" time="0.076" /><testcase classname="tests.test_agenda.TestAgendaCategories" name="test_categories_seven" time="0.074" /><testcase classname="tests.test_agenda.TestAgendaValidation" name="test_bad_date_format_returns_4xx" time="0.084"><failure message="AssertionError: expected 4xx got 201: {&quot;id&quot;:&quot;evt_6adca6e6092c&quot;,&quot;title&quot;:&quot;TEST_bad_date&quot;,&quot;description&quot;:&quot;&quot;,&quot;category&quot;:&quot;altro&quot;,&quot;color&quot;:&quot;#94A3B8&quot;,&quot;date&quot;:&quot;15-06-2026&quot;,&quot;start_time&quot;:&quot;&quot;,&quot;end_time&quot;:&quot;&quot;,&quot;location&quot;:&quot;&quot;,&quot;link&quot;:&quot;&quot;,&quot;invitees&quot;:[],&quot;priority&quot;:&quot;normal&quot;,&quot;tags&quot;:[],&quot;organizer_id&quot;:&quot;user_c428918eb5c0&quot;,&quot;organizer_name&quot;:&quot;Admin PDU&quot;,&quot;created_by&quot;:&quot;user_c428918eb5c0&quot;,&quot;created_at&quot;:&quot;2026-07-31T18:11:00.131401+00:00&quot;,&quot;updated_at&quot;:&quot;2026-07-31T18:11:00.131409+00:00&quot;,&quot;rsvp&quot;:[],&quot;rsvp_summary&quot;:{&quot;yes&quot;:0,&quot;maybe&quot;:0,&quot;no&quot;:0},&quot;invitees_named&quot;:[],&quot;tasks&quot;:[],&quot;comments&quot;:[],&quot;attachments&quot;:[],&quot;task_progress&quot;:{&quot;done&quot;:0,&quot;total&quot;:0}}&#10;assert 400 &lt;= 201&#10; +  where 201 = &lt;Response [201]&gt;.status_code">backend/tests/test_agenda.py:228: in test_bad_date_format_returns_4xx
    assert 400 &lt;= r.status_code &lt; 500, f"expected 4xx got {r.status_code}: {r.text}"
E   AssertionError: expected 4xx got 201: {"id":"evt_6adca6e6092c","title":"TEST_bad_date","description":"","category":"altro","color":"#94A3B8","date":"15-06-2026","start_time":"","end_time":"","location":"","link":"","invitees":[],"priority":"normal","tags":[],"organizer_id":"user_c428918eb5c0","organizer_name":"Admin PDU","created_by":"user_c428918eb5c0","created_at":"2026-07-31T18:11:00.131401+00:00","updated_at":"2026-07-31T18:11:00.131409+00:00","rsvp":[],"rsvp_summary":{"yes":0,"maybe":0,"no":0},"invitees_named":[],"tasks":[],"comments":[],"attachments":[],"task_progress":{"done":0,"total":0}}
E   assert 400 &lt;= 201
E    +  where 201 = &lt;Response [201]&gt;.status_code</failure></testcase><testcase classname="tests.test_agenda.TestAgendaCategories" name="test_unauth_categories_401" time="0.086" /><testcase classname="tests.test_agenda.TestAgendaPermissions" name="test_collab_without_agenda_perms_gets_403_on_list" time="0.045" /><testcase classname="tests.test_agenda.TestAgendaValidation" name="test_missing_title" time="0.043" /><testcase classname="tests.test_agenda.TestAgendaPermissions" name="test_collab_without_agenda_perms_gets_403_on_create" time="0.063" /><testcase classname="tests.test_agenda.TestAgendaValidation" name="test_missing_date" time="0.080" /><testcase classname="tests.test_agenda.TestAgendaDashboard" name="test_dashboard_shape" time="0.079" /></testsuite></testsuites>