<?xml version="1.0" encoding="utf-8"?><testsuites name="pytest tests"><testsuite name="pytest" errors="0" failures="0" skipped="1" tests="3" time="2.895" timestamp="2026-08-12T11:37:13.379551+00:00" hostname="agent-env-1df9cc5b-5270-417e-8b23-409e242739c1"><testcase classname="tests.test_password_reset_security.TestForgotPasswordRegistered" name="test_no_code_in_response" time="0.789"><skipped type="pytest.skip" message="email delivery unavailable in this pod (EMERGENT_EMAIL_KEY missing) - endpoint correctly returns 502 without leaking a code">/app/backend/tests/test_password_reset_security.py:92: email delivery unavailable in this pod (EMERGENT_EMAIL_KEY missing) - endpoint correctly returns 502 without leaking a code</skipped></testcase><testcase classname="tests.test_password_reset_security.TestForgotPasswordUnregistered" name="test_returns_404" time="0.860" /><testcase classname="tests.test_password_reset_security.TestFullResetFlow" name="test_reset_and_login" time="1.188" /></testsuite></testsuites>