<?xml version="1.0" encoding="utf-8"?><testsuites name="pytest tests"><testsuite name="pytest" errors="0" failures="0" skipped="0" tests="23" time="2.642" timestamp="2026-07-24T18:28:59.123081+00:00" hostname="agent-env-1df9cc5b-5270-417e-8b23-409e242739c1"><testcase classname="tests.test_rbac.TestRbacFlow" name="test_01_register_listener" time="0.358" /><testcase classname="tests.test_rbac.TestAdminEndpoints" name="test_admin_stats" time="0.368" /><testcase classname="tests.test_rbac.TestRbacFlow" name="test_02_me_returns_role_permissions" time="0.077" /><testcase classname="tests.test_rbac.TestAdminEndpoints" name="test_admin_applications" time="0.367" /><testcase classname="tests.test_rbac.TestRbacFlow" name="test_03_login_returns_role_permissions" time="0.346" /><testcase classname="tests.test_rbac.TestAdminEndpoints" name="test_admin_users" time="0.082" /><testcase classname="tests.test_rbac.TestRbacFlow" name="test_04_admin_me_403_for_listener" time="0.086" /><testcase classname="tests.test_rbac.TestAdminEndpoints" name="test_admin_settings" time="0.097" /><testcase classname="tests.test_rbac.TestRbacFlow" name="test_05_admin_me_200_for_admin" time="0.098" /><testcase classname="tests.test_rbac.TestPublicRegression" name="test_public_endpoint_ok[/live/status]" time="0.118" /><testcase classname="tests.test_rbac.TestRbacFlow" name="test_06_register_second_user_for_collab" time="0.341" /><testcase classname="tests.test_rbac.TestPublicRegression" name="test_public_endpoint_ok[/podcasts]" time="0.230" /><testcase classname="tests.test_rbac.TestPublicRegression" name="test_public_endpoint_ok[/news]" time="0.076" /><testcase classname="tests.test_rbac.TestRbacFlow" name="test_07_non_admin_cannot_set_role" time="0.096" /><testcase classname="tests.test_rbac.TestPublicRegression" name="test_public_endpoint_ok[/products]" time="0.372" /><testcase classname="tests.test_rbac.TestRbacFlow" name="test_08_admin_promotes_to_collaborator" time="0.103" /><testcase classname="tests.test_rbac.TestRbacFlow" name="test_09_admin_users_reflects_role_permissions" time="0.081" /><testcase classname="tests.test_rbac.TestRbacFlow" name="test_10_admin_me_for_collaborator" time="0.073" /><testcase classname="tests.test_rbac.TestRbacFlow" name="test_11_collab_can_get_podcasts" time="0.098" /><testcase classname="tests.test_rbac.TestRbacFlow" name="test_12_collab_can_post_podcast" time="0.163" /><testcase classname="tests.test_rbac.TestRbacFlow" name="test_13_collab_denied_admin_users" time="0.083" /><testcase classname="tests.test_rbac.TestRbacFlow" name="test_14_collab_denied_admin_settings" time="0.080" /><testcase classname="tests.test_rbac.TestRbacFlow" name="test_15_cleanup_test_users" time="0.152" /></testsuite></testsuites>