<?xml version="1.0" encoding="utf-8"?><testsuites name="pytest tests"><testsuite name="pytest" errors="0" failures="0" skipped="0" tests="7" time="1.913" timestamp="2026-08-18T07:16:29.831871+00:00" hostname="agent-env-1df9cc5b-5270-417e-8b23-409e242739c1"><testcase classname="tests.test_favorites_library.TestSectionLabels" name="test_public_settings_exposes_section_labels" time="0.144" /><testcase classname="tests.test_favorites_library.TestContentFav" name="test_ids_endpoint_returns_dict" time="0.607" /><testcase classname="tests.test_favorites_library.TestSectionLabels" name="test_admin_can_persist_and_read_back" time="0.764" /><testcase classname="tests.test_favorites_library.TestContentFav" name="test_toggle_invalid_type_returns_400" time="0.071" /><testcase classname="tests.test_favorites_library.TestContentFav" name="test_toggle_meditation_persists_and_appears_in_library" time="0.736" /><testcase classname="tests.test_favorites_library.TestSectionLabels" name="test_cleanup_labels" time="0.166" /><testcase classname="tests.test_favorites_library.TestContentFav" name="test_content_fav_requires_auth" time="0.067" /></testsuite></testsuites>