<?xml version="1.0" encoding="utf-8"?><testsuites name="pytest tests"><testsuite name="pytest" errors="0" failures="0" skipped="0" tests="8" time="3.047" timestamp="2026-08-18T08:42:44.864377+00:00" hostname="agent-env-1df9cc5b-5270-417e-8b23-409e242739c1"><testcase classname="tests.test_library_folders.TestAdminFolderCRUD" name="test_admin_list" time="0.591" /><testcase classname="tests.test_library_folders.TestContentCatalog" name="test_catalog_shape" time="0.714" /><testcase classname="tests.test_library_folders.TestAdminFolderCRUD" name="test_requires_auth" time="0.197" /><testcase classname="tests.test_library_folders.TestContentCatalog" name="test_assign_and_toggle" time="0.543" /><testcase classname="tests.test_library_folders.TestAdminFolderCRUD" name="test_create_rename_reorder_delete" time="0.716" /><testcase classname="tests.test_library_folders.TestMyLibrary" name="test_favorite_lands_in_default_folder" time="0.546" /><testcase classname="tests.test_library_folders.TestPublicFolders" name="test_public_folders_seeded" time="0.117" /><testcase classname="tests.test_library_folders.TestMyLibrary" name="test_reassignment_moves_favorite" time="0.802" /></testsuite></testsuites>