<?xml version="1.0" encoding="utf-8"?><testsuites name="pytest tests"><testsuite name="pytest" errors="0" failures="0" skipped="0" tests="8" time="0.624" timestamp="2026-07-25T08:09:58.074015+00:00" hostname="agent-env-1df9cc5b-5270-417e-8b23-409e242739c1"><testcase classname="tests.test_contact_settings.TestPublicSettings" name="test_get_public_settings_returns_dict_with_website_key_after_seed" time="0.160" /><testcase classname="tests.test_contact_settings.TestPublicSettings" name="test_public_settings_no_mongo_id" time="0.038" /><testcase classname="tests.test_contact_settings.TestAdminToPublicSync" name="test_put_all_contact_fields_and_verify_public" time="0.073" /><testcase classname="tests.test_contact_settings.TestAdminToPublicSync" name="test_clearing_social_fields_persists_empty_string" time="0.072" /><testcase classname="tests.test_contact_settings.TestAdminToPublicSync" name="test_restore_full_payload_for_frontend_tests" time="0.076" /><testcase classname="tests.test_contact_settings.TestContactForm" name="test_post_contact_success" time="0.039" /><testcase classname="tests.test_contact_settings.TestContactForm" name="test_post_contact_missing_field_returns_422" time="0.037" /><testcase classname="tests.test_contact_settings.TestAdminGuard" name="test_admin_settings_requires_admin" time="0.082" /></testsuite></testsuites>