<?xml version="1.0" encoding="utf-8"?><testsuites name="pytest tests"><testsuite name="pytest" errors="0" failures="0" skipped="0" tests="10" time="3.653" timestamp="2026-08-04T08:50:22.787366+00:00" hostname="agent-env-1df9cc5b-5270-417e-8b23-409e242739c1"><testcase classname="tests.test_achievements.TestMeAchievements" name="test_requires_auth_401" time="0.145" /><testcase classname="tests.test_achievements.TestAdminAchievements" name="test_admin_list_min_12" time="0.622" /><testcase classname="tests.test_achievements.TestMeAchievements" name="test_demo_user_shape_and_counts" time="0.519" /><testcase classname="tests.test_achievements.TestAdminAchievements" name="test_admin_create_patch_delete" time="0.343" /><testcase classname="tests.test_achievements.TestMeAchievements" name="test_demo_plans_thresholds" time="0.044" /><testcase classname="tests.test_achievements.TestMeAchievements" name="test_earned_at_is_idempotent" time="1.291" /><testcase classname="tests.test_achievements.TestAdminAchievements" name="test_admin_reorder" time="0.192" /><testcase classname="tests.test_achievements.TestAdminAchievements" name="test_manual_assign_and_unassign" time="0.586" /><testcase classname="tests.test_achievements.TestWalkBoard" name="test_get_and_patch_wood" time="0.625" /><testcase classname="tests.test_achievements.TestPermissions" name="test_listener_403_on_admin_endpoints" time="0.599" /></testsuite></testsuites>