<?xml version="1.0" encoding="utf-8"?><testsuites name="pytest tests"><testsuite name="pytest" errors="0" failures="0" skipped="0" tests="17" time="3.643" timestamp="2026-07-24T17:08:24.395521+00:00" hostname="agent-env-1df9cc5b-5270-417e-8b23-409e242739c1"><testcase classname="tests.test_merch.TestPublicProducts" name="test_categories_endpoint" time="0.287" /><testcase classname="tests.test_merch.TestCreateProduct" name="test_create_returns_201_and_id" time="0.425" /><testcase classname="tests.test_merch.TestPublicProducts" name="test_public_list_hides_unpublished_and_sorts_featured" time="0.492" /><testcase classname="tests.test_merch.TestCreateProduct" name="test_create_invalid_availability_400" time="0.078" /><testcase classname="tests.test_merch.TestCreateProduct" name="test_create_valid_availability_persists[available]" time="0.187" /><testcase classname="tests.test_merch.TestCreateProduct" name="test_create_valid_availability_persists[coming_soon]" time="0.171" /><testcase classname="tests.test_merch.TestPublicProducts" name="test_public_search_and_category" time="0.386" /><testcase classname="tests.test_merch.TestCreateProduct" name="test_create_valid_availability_persists[sold_out]" time="0.160" /><testcase classname="tests.test_merch.TestAdminAuthGuard" name="test_admin_products_requires_token" time="0.081" /><testcase classname="tests.test_merch.TestPublicProducts" name="test_public_detail_and_404" time="0.448" /><testcase classname="tests.test_merch.TestAdminAuthGuard" name="test_admin_products_forbidden_for_non_admin" time="0.425" /><testcase classname="tests.test_merch.TestAdminAuthGuard" name="test_admin_products_ok_for_admin" time="0.085" /><testcase classname="tests.test_merch.TestPatchProduct" name="test_patch_updates_and_persists" time="0.244" /><testcase classname="tests.test_merch.TestDeleteProduct" name="test_delete_removes_product" time="0.265" /><testcase classname="tests.test_merch.TestPatchProduct" name="test_patch_invalid_availability_400" time="0.227" /><testcase classname="tests.test_merch.TestReorderProducts" name="test_reorder_sets_order_field" time="1.272" /><testcase classname="tests.test_merch.TestAdminStatsProducts" name="test_stats_has_numeric_products_field" time="1.071" /></testsuite></testsuites>