<?xml version="1.0" encoding="utf-8"?><testsuites name="pytest tests"><testsuite name="pytest" errors="0" failures="0" skipped="0" tests="6" time="1.343" timestamp="2026-08-20T17:09:35.864072+00:00" hostname="agent-env-1df9cc5b-5270-417e-8b23-409e242739c1"><testcase classname="tests.test_appearance_phase4.TestAppearanceAuth" name="test_put_appearance_without_auth" time="0.288" /><testcase classname="tests.test_appearance_phase4.TestAppearanceSetTeal" name="test_set_palette_teal_and_reflect" time="0.382" /><testcase classname="tests.test_appearance_phase4.TestAppearanceAuth" name="test_put_appearance_invalid_token" time="0.119" /><testcase classname="tests.test_appearance_phase4.TestAppearanceSetTeal" name="test_appearance_update_is_non_destructive_on_texts" time="0.215" /><testcase classname="tests.test_appearance_phase4.TestAppearanceGroupShape" name="test_get_returns_appearance_group" time="0.128" /><testcase classname="tests.test_appearance_phase4.TestAppearanceSetTeal" name="test_restore_palette_to_sky" time="0.220" /></testsuite></testsuites>