<?xml version="1.0" encoding="utf-8"?><testsuites name="pytest tests"><testsuite name="pytest" errors="0" failures="1" skipped="1" tests="16" time="26.675" timestamp="2026-07-24T23:30:05.273556+00:00" hostname="agent-env-1df9cc5b-5270-417e-8b23-409e242739c1"><testcase classname="tests.test_radio_azuracast.TestPublicRegression" name="test_podcasts" time="0.275" /><testcase classname="tests.test_radio_azuracast.TestAdminRadio" name="test_get_requires_auth" time="0.176" /><testcase classname="tests.test_radio_azuracast.TestAdminRadio" name="test_get_admin_ok" time="0.176" /><testcase classname="tests.test_radio_azuracast.TestPublicRegression" name="test_news" time="0.035" /><testcase classname="tests.test_radio_azuracast.TestPublicRegression" name="test_products" time="0.274" /><testcase classname="tests.test_radio_azuracast.TestAdminRadio" name="test_put_refresh_interval_persists" time="0.250" /><testcase classname="tests.test_radio_azuracast.TestPublicRegression" name="test_programs" time="0.036" /><testcase classname="tests.test_radio_azuracast.TestAdminRadio" name="test_put_updates_stream_url_used_by_stream" time="15.319" /><testcase classname="tests.test_radio_azuracast.TestLiveArt" name="test_art_invalid_url_400" time="0.034" /><testcase classname="tests.test_radio_azuracast.TestLiveArt" name="test_art_unreachable_url_503" time="10.057" /><testcase classname="tests.test_radio_azuracast.TestLiveArt" name="test_art_from_status_artwork" time="0.095"><skipped type="pytest.skip" message="artwork not proxied (default https image)">/app/backend/tests/test_radio_azuracast.py:88: artwork not proxied (default https image)</skipped></testcase><testcase classname="tests.test_radio_azuracast.TestLiveStream" name="test_live_stream_offline_returns_503" time="15.056" /><testcase classname="tests.test_radio_azuracast.TestAdminRadio" name="test_non_admin_forbidden" time="0.424" /><testcase classname="tests.test_radio_azuracast.TestLiveStatus" name="test_live_status_shape" time="0.142" /><testcase classname="tests.test_radio_azuracast.TestLiveStatus" name="test_live_status_never_500" time="0.286" /><testcase classname="tests.test_radio_azuracast.TestAuth" name="test_register_and_me" time="0.397"><failure message="AssertionError: assert 'test_auth_a8...b@example.com' == 'TEST_auth_a8...b@example.com'&#10;  &#10;  - TEST_auth_a83c066b@example.com&#10;  ? ^^^^&#10;  + test_auth_a83c066b@example.com&#10;  ? ^^^^">backend/tests/test_radio_azuracast.py:182: in test_register_and_me
    assert me.json().get("email") == email
E   AssertionError: assert 'test_auth_a8...b@example.com' == 'TEST_auth_a8...b@example.com'
E     
E     - TEST_auth_a83c066b@example.com
E     ? ^^^^
E     + test_auth_a83c066b@example.com
E     ? ^^^^</failure></testcase></testsuite></testsuites>