<?xml version="1.0" encoding="utf-8"?><testsuites name="pytest tests"><testsuite name="pytest" errors="0" failures="1" skipped="0" tests="9" time="2.929" timestamp="2026-07-30T11:42:40.400520+00:00" hostname="agent-env-1df9cc5b-5270-417e-8b23-409e242739c1"><testcase classname="tests.test_prayer_board.TestPrayerBoardModeration" name="test_admin_approve_publishes_and_shows_name" time="1.337" /><testcase classname="tests.test_prayer_board.TestPrayerBoardCreate" name="test_board_public_prayer_not_visible_until_approved" time="1.001" /><testcase classname="tests.test_prayer_board.TestPrayerBoardCreate" name="test_private_prayer_with_auth_captures_author" time="0.385"><failure message="AssertionError: assert 'test_prayerb...1@example.com' == 'TEST_prayerb...1@example.com'&#10;  &#10;  - TEST_prayerboard_1785411761@example.com&#10;  ? ^^^^&#10;  + test_prayerboard_1785411761@example.com&#10;  ? ^^^^">backend/tests/test_prayer_board.py:108: in test_private_prayer_with_auth_captures_author
    assert match.get("author_email") == email
E   AssertionError: assert 'test_prayerb...1@example.com' == 'TEST_prayerb...1@example.com'
E     
E     - TEST_prayerboard_1785411761@example.com
E     ? ^^^^
E     + test_prayerboard_1785411761@example.com
E     ? ^^^^</failure></testcase><testcase classname="tests.test_prayer_board.TestPrayerBoardModeration" name="test_admin_approve_anonymous_shows_anonimo" time="0.292" /><testcase classname="tests.test_prayer_board.TestAuthz" name="test_admin_prayers_requires_auth" time="0.076" /><testcase classname="tests.test_prayer_board.TestAuthz" name="test_admin_prayers_forbidden_for_normal_user" time="0.037" /><testcase classname="tests.test_prayer_board.TestDeleteAndRegression" name="test_delete_removes_prayer_and_marks" time="0.529" /><testcase classname="tests.test_prayer_board.TestPrayFor" name="test_pray_increments_and_dedupes" time="0.836" /><testcase classname="tests.test_prayer_board.TestDeleteAndRegression" name="test_regression_board_endpoint_and_legacy_submit" time="0.260" /></testsuite></testsuites>