<?xml version="1.0" encoding="utf-8"?><testsuites name="pytest tests"><testsuite name="pytest" errors="0" failures="0" skipped="0" tests="34" time="4.095" timestamp="2026-07-24T14:40:41.273525+00:00" hostname="agent-env-1df9cc5b-5270-417e-8b23-409e242739c1"><testcase classname="tests.backend_test" name="test_live_status" time="0.285" /><testcase classname="tests.backend_test" name="test_podcasts_list" time="0.246" /><testcase classname="tests.backend_test" name="test_podcasts_categories" time="0.078" /><testcase classname="tests.backend_test" name="test_podcasts_search" time="0.037" /><testcase classname="tests.backend_test" name="test_podcasts_category_filter" time="0.077" /><testcase classname="tests.backend_test" name="test_news_list" time="0.036" /><testcase classname="tests.backend_test" name="test_news_detail" time="0.035" /><testcase classname="tests.backend_test" name="test_news_detail_404" time="0.074" /><testcase classname="tests.backend_test" name="test_programs_list" time="0.081" /><testcase classname="tests.backend_test" name="test_prayer_anonymous" time="0.034" /><testcase classname="tests.backend_test" name="test_prayer_named" time="0.032" /><testcase classname="tests.backend_test" name="test_messages" time="0.072" /><testcase classname="tests.backend_test" name="test_contact" time="0.035" /><testcase classname="tests.backend_test" name="test_register" time="0.258" /><testcase classname="tests.backend_test" name="test_register_duplicate" time="0.082" /><testcase classname="tests.backend_test" name="test_login_bad" time="0.262" /><testcase classname="tests.backend_test" name="test_login_good" time="0.300" /><testcase classname="tests.backend_test" name="test_me" time="0.094" /><testcase classname="tests.backend_test" name="test_me_unauth" time="0.093" /><testcase classname="tests.backend_test" name="test_auth_session_invalid_token" time="0.229" /><testcase classname="tests.backend_test" name="test_favorite_toggle_on" time="0.142" /><testcase classname="tests.backend_test" name="test_favorite_ids_contains" time="0.103" /><testcase classname="tests.backend_test" name="test_favorites_list" time="0.074" /><testcase classname="tests.backend_test" name="test_favorite_toggle_off" time="0.115" /><testcase classname="tests.backend_test" name="test_history_add" time="0.100" /><testcase classname="tests.backend_test" name="test_history_get" time="0.112" /><testcase classname="tests.backend_test" name="test_logout" time="0.222" /><testcase classname="tests.backend_test" name="test_crew_list" time="0.036" /><testcase classname="tests.backend_test" name="test_crew_member_detail" time="0.076" /><testcase classname="tests.backend_test" name="test_crew_member_404" time="0.036" /><testcase classname="tests.backend_test" name="test_crew_application_full" time="0.041" /><testcase classname="tests.backend_test" name="test_crew_application_minimal" time="0.040" /><testcase classname="tests.backend_test" name="test_crew_application_missing_required" time="0.052" /><testcase classname="tests.backend_test" name="test_crew_applications_not_publicly_listed" time="0.075" /></testsuite></testsuites>