<?xml version="1.0" encoding="utf-8"?><testsuites name="pytest tests"><testsuite name="pytest" errors="0" failures="0" skipped="0" tests="19" time="2.985" timestamp="2026-07-25T14:23:05.574732+00:00" hostname="agent-env-1df9cc5b-5270-417e-8b23-409e242739c1"><testcase classname="tests.test_reports.TestAdminList" name="test_list_excludes_heavy_attachments" time="0.252" /><testcase classname="tests.test_reports.TestCreateReport" name="test_guest_submission" time="0.276" /><testcase classname="tests.test_reports.TestAdminList" name="test_list_filter_by_status_and_category" time="0.295" /><testcase classname="tests.test_reports.TestCreateReport" name="test_authenticated_submission_captures_user" time="0.431" /><testcase classname="tests.test_reports.TestAdminList" name="test_list_search" time="0.079" /><testcase classname="tests.test_reports.TestAdminList" name="test_list_sort" time="0.165" /><testcase classname="tests.test_reports.TestCreateReport" name="test_empty_title_400" time="0.036" /><testcase classname="tests.test_reports.TestCreateReport" name="test_empty_description_400" time="0.038" /><testcase classname="tests.test_reports.TestCreateReport" name="test_invalid_category_400" time="0.078" /><testcase classname="tests.test_reports.TestAdminList" name="test_unread_count" time="0.074" /><testcase classname="tests.test_reports.TestCreateReport" name="test_oversized_attachment_413" time="0.294" /><testcase classname="tests.test_reports.TestAdminSingle" name="test_get_marks_read" time="0.317" /><testcase classname="tests.test_reports.TestAdminPatch" name="test_status_transitions" time="0.805" /><testcase classname="tests.test_reports.TestAdminSingle" name="test_get_returns_attachments" time="0.127" /><testcase classname="tests.test_reports.TestAdminSingle" name="test_get_missing_404" time="0.084" /><testcase classname="tests.test_reports.TestAdminStats" name="test_stats_includes_reports_fields" time="0.093" /><testcase classname="tests.test_reports.TestAdminDelete" name="test_delete_report" time="0.922" /><testcase classname="tests.test_reports.TestAdminPatch" name="test_invalid_status_400" time="0.132" /><testcase classname="tests.test_reports.TestAdminPatch" name="test_patch_missing_404" time="0.454" /></testsuite></testsuites>