<?xml version="1.0" encoding="utf-8"?><testsuites name="pytest tests"><testsuite name="pytest" errors="0" failures="0" skipped="0" tests="7" time="1.750" timestamp="2026-08-14T14:36:42.648689+00:00" hostname="agent-env-1df9cc5b-5270-417e-8b23-409e242739c1"><testcase classname="tests.test_nav_config.TestAdminLogin" name="test_email_password_login" time="0.720" /><testcase classname="tests.test_nav_config.TestNavConfigAdminSettings" name="test_get_admin_settings_ok" time="0.735" /><testcase classname="tests.test_nav_config.TestMediaAllowList" name="test_settings_endpoint_is_public" time="0.097" /><testcase classname="tests.test_nav_config.TestNavConfigAdminSettings" name="test_put_nav_config_persists_and_round_trips" time="0.213" /><testcase classname="tests.test_nav_config.TestNavConfigAdminSettings" name="test_public_settings_reflect_nav_config" time="0.182" /><testcase classname="tests.test_nav_config.TestNavConfigAdminSettings" name="test_nav_config_accepts_asset_shape" time="0.114" /><testcase classname="tests.test_nav_config.TestNavConfigAdminSettings" name="test_cleanup_nav_config" time="0.077" /></testsuite></testsuites>