<?xml version="1.0" encoding="utf-8"?><testsuites name="pytest tests"><testsuite name="pytest" errors="0" failures="0" skipped="0" tests="3" time="2.905" timestamp="2026-08-12T11:43:40.915720+00:00" hostname="agent-env-1df9cc5b-5270-417e-8b23-409e242739c1"><testcase classname="tests.test_password_reset_security.TestForgotPasswordRegistered" name="test_no_code_in_response" time="1.290" /><testcase classname="tests.test_password_reset_security.TestForgotPasswordUnregistered" name="test_returns_404" time="0.884" /><testcase classname="tests.test_password_reset_security.TestFullResetFlow" name="test_reset_and_login" time="1.487" /></testsuite></testsuites>