<?xml version="1.0" encoding="utf-8"?><testsuites name="pytest tests"><testsuite name="pytest" errors="0" failures="1" skipped="0" tests="41" time="11.495" timestamp="2026-07-24T15:03:56.636617+00:00" hostname="agent-env-1df9cc5b-5270-417e-8b23-409e242739c1"><testcase classname="tests.test_cms" name="test_cms_endpoint_requires_auth[GET-/admin/podcasts]" time="0.297" /><testcase classname="tests.test_admin" name="test_admin_endpoint_requires_auth[GET-/admin/me]" time="0.294" /><testcase classname="tests.test_cms" name="test_cms_endpoint_requires_auth[POST-/admin/podcasts]" time="0.234" /><testcase classname="tests.test_admin" name="test_admin_endpoint_requires_auth[GET-/admin/stats]" time="0.097" /><testcase classname="tests.test_admin" name="test_admin_endpoint_requires_auth[GET-/admin/applications]" time="0.214" /><testcase classname="tests.test_cms" name="test_cms_endpoint_requires_auth[PATCH-/admin/podcasts/xyz]" time="0.120" /><testcase classname="tests.test_admin" name="test_admin_endpoint_requires_auth[GET-/admin/applications/xyz]" time="0.126" /><testcase classname="tests.test_cms" name="test_cms_endpoint_requires_auth[DELETE-/admin/podcasts/xyz]" time="0.125" /><testcase classname="tests.test_admin" name="test_admin_endpoint_requires_auth[PATCH-/admin/applications/xyz]" time="0.087" /><testcase classname="tests.test_cms" name="test_cms_endpoint_requires_auth[POST-/admin/podcasts/featured-order]" time="0.113" /><testcase classname="tests.test_admin" name="test_admin_endpoint_requires_auth[POST-/admin/applications/xyz/approve]" time="0.116" /><testcase classname="tests.test_cms" name="test_cms_endpoint_requires_auth[GET-/admin/news]" time="0.116" /><testcase classname="tests.test_admin" name="test_admin_endpoint_requires_auth[POST-/admin/applications/xyz/reject]" time="0.094" /><testcase classname="tests.test_cms" name="test_cms_endpoint_requires_auth[POST-/admin/news]" time="0.072" /><testcase classname="tests.test_admin" name="test_admin_endpoint_requires_auth[DELETE-/admin/applications/xyz]" time="0.079" /><testcase classname="tests.test_cms" name="test_cms_endpoint_requires_auth[PATCH-/admin/news/xyz]" time="0.103" /><testcase classname="tests.test_admin" name="test_admin_endpoint_requires_auth[GET-/admin/crew]" time="0.120" /><testcase classname="tests.test_cms" name="test_cms_endpoint_requires_auth[DELETE-/admin/news/xyz]" time="0.112" /><testcase classname="tests.test_admin" name="test_admin_endpoint_requires_auth[PATCH-/admin/crew/xyz]" time="0.078" /><testcase classname="tests.test_cms" name="test_cms_non_admin_gets_403" time="1.307" /><testcase classname="tests.test_admin" name="test_admin_endpoint_requires_auth[POST-/admin/crew/xyz/portrait]" time="0.306" /><testcase classname="tests.test_admin" name="test_admin_endpoint_requires_auth[DELETE-/admin/crew/xyz]" time="0.123" /><testcase classname="tests.test_admin" name="test_non_admin_gets_403" time="1.566" /><testcase classname="tests.test_cms" name="test_podcast_full_lifecycle" time="1.884" /><testcase classname="tests.test_admin" name="test_admin_me" time="0.092" /><testcase classname="tests.test_admin" name="test_admin_stats" time="0.079" /><testcase classname="tests.test_admin" name="test_admin_applications_filters" time="0.796" /><testcase classname="tests.test_admin" name="test_approve_creates_public_crew_member_and_sync_and_delete" time="1.832" /><testcase classname="tests.test_cms" name="test_news_full_lifecycle" time="1.028" /><testcase classname="tests.test_cms" name="test_public_endpoints_and_regression" time="1.091" /><testcase classname="tests.test_admin" name="test_reject_does_not_publish_and_delete_cleanup" time="0.740" /><testcase classname="tests.test_cms" name="test_public_only_published" time="0.158" /><testcase classname="tests.test_cms" name="test_luigi_untouched" time="0.090" /><testcase classname="tests.test_admin" name="test_public_endpoints_still_work[/crew]" time="0.302" /><testcase classname="tests.test_cms" name="test_zzz_final_cleanup" time="0.319" /><testcase classname="tests.test_admin" name="test_public_endpoints_still_work[/live/status]" time="0.075" /><testcase classname="tests.test_admin" name="test_public_endpoints_still_work[/podcasts]" time="0.078" /><testcase classname="tests.test_admin" name="test_public_endpoints_still_work[/news]" time="0.125" /><testcase classname="tests.test_admin" name="test_public_endpoints_still_work[/programs]" time="0.089" /><testcase classname="tests.test_admin" name="test_luigi_and_concetta_untouched" time="0.301"><failure message="AssertionError: Concetta's application must remain pending&#10;assert 'approved' == 'pending'&#10;  &#10;  - pending&#10;  + approved">backend/tests/test_admin.py:215: in test_luigi_and_concetta_untouched
    assert matches[0]["status"] == "pending", "Concetta's application must remain pending"
E   AssertionError: Concetta's application must remain pending
E   assert 'approved' == 'pending'
E     
E     - pending
E     + approved</failure></testcase><testcase classname="tests.test_admin" name="test_zzz_final_cleanup" time="3.239" /></testsuite></testsuites>