<?xml version="1.0" encoding="utf-8"?><testsuites name="pytest tests"><testsuite name="pytest" errors="0" failures="0" skipped="0" tests="6" time="1.880" timestamp="2026-09-15T19:28:08.908763+00:00" hostname="agent-env-1df9cc5b-5270-417e-8b23-409e242739c1"><testcase classname="tests.test_spotify_import.TestSpotifyImportFromDirectRSS" name="test_import_from_rss_url" time="0.399" /><testcase classname="tests.test_spotify_import.TestSpotifyImportAuth" name="test_no_auth_returns_401_or_403" time="0.368" /><testcase classname="tests.test_spotify_import.TestSpotifyImportAuth" name="test_bad_token_returns_401_or_403" time="0.143" /><testcase classname="tests.test_spotify_import.TestSpotifyImportFromDirectRSS" name="test_spotify_and_rss_return_same_episode_count" time="0.818" /><testcase classname="tests.test_spotify_import.TestSpotifyImportFromSpotifyURL" name="test_import_from_spotify_show_url" time="0.730" /><testcase classname="tests.test_spotify_import.TestSpotifyImportErrors" name="test_empty_source_returns_400" time="0.242" /></testsuite></testsuites>