<?xml version="1.0" encoding="utf-8"?><testsuites name="pytest tests"><testsuite name="pytest" errors="0" failures="0" skipped="0" tests="11" time="13.021" timestamp="2026-07-25T00:25:11.349696+00:00" hostname="agent-env-1df9cc5b-5270-417e-8b23-409e242739c1"><testcase classname="tests.test_live_streaming.TestLiveLinksPersistence" name="test_put_requires_auth" time="0.168" /><testcase classname="tests.test_live_streaming.TestLiveLinksPersistence" name="test_put_persists_live_links" time="0.064" /><testcase classname="tests.test_live_streaming.TestLiveLinksPersistence" name="test_put_partial_update_merges_or_replaces" time="0.070" /><testcase classname="tests.test_live_streaming.TestLiveLinksPersistence" name="test_put_empty_live_links_clears" time="0.069" /><testcase classname="tests.test_live_streaming.TestPublicLiveStatusLinks" name="test_public_live_status_includes_live_links" time="0.185" /><testcase classname="tests.test_live_streaming.TestPublicLiveStatusLinks" name="test_public_live_status_after_clear" time="0.190" /><testcase classname="tests.test_live_streaming.TestAdminRadioStatusLinks" name="test_status_returns_live_links" time="0.367" /><testcase classname="tests.test_live_streaming.TestAdminRadioStatusLinks" name="test_status_requires_auth" time="0.026" /><testcase classname="tests.test_live_streaming.TestLiveModeToggleRegression" name="test_start_then_end_live_mode" time="11.274" /><testcase classname="tests.test_live_streaming.TestLiveModeToggleRegression" name="test_invalid_action_returns_400" time="0.072" /><testcase classname="tests.test_live_streaming.TestApiKeyMaskingRegression" name="test_get_admin_radio_masks_key_with_links_present" time="0.486" /></testsuite></testsuites>