<?xml version="1.0" encoding="utf-8"?><testsuites name="pytest tests"><testsuite name="pytest" errors="0" failures="0" skipped="0" tests="14" time="3.269" timestamp="2026-07-25T13:46:20.114318+00:00" hostname="agent-env-1df9cc5b-5270-417e-8b23-409e242739c1"><testcase classname="tests.test_meditations.TestPublic" name="test_public_list_ok" time="0.142" /><testcase classname="tests.test_meditations.TestCRUD" name="test_create_published_now" time="0.569" /><testcase classname="tests.test_meditations.TestPublic" name="test_public_categories_ok" time="0.107" /><testcase classname="tests.test_meditations.TestPublic" name="test_public_detail_404" time="0.123" /><testcase classname="tests.test_meditations.TestPublic" name="test_public_detail_demo" time="0.075" /><testcase classname="tests.test_meditations.TestNotifications" name="test_publish_creates_notification_log" time="1.335" /><testcase classname="tests.test_meditations.TestCRUD" name="test_create_draft_not_public" time="0.248" /><testcase classname="tests.test_meditations.TestCRUD" name="test_scheduled_future_not_public" time="0.257" /><testcase classname="tests.test_meditations.TestCRUD" name="test_search_and_category_filter" time="0.554" /><testcase classname="tests.test_meditations.TestCRUD" name="test_patch_and_delete" time="0.614" /><testcase classname="tests.test_meditations.TestNotifications" name="test_draft_does_not_create_log" time="0.660" /><testcase classname="tests.test_meditations.TestAuth" name="test_admin_list_unauth_403" time="0.075" /><testcase classname="tests.test_meditations.TestAuth" name="test_admin_create_unauth_403" time="0.419" /><testcase classname="tests.test_meditations.TestNotifications" name="test_admin_stats_includes_meditations" time="0.340" /></testsuite></testsuites>