<?xml version="1.0" encoding="utf-8"?><testsuites name="pytest tests"><testsuite name="pytest" errors="0" failures="0" skipped="0" tests="7" time="1.357" timestamp="2026-08-20T16:38:05.886993+00:00" hostname="agent-env-1df9cc5b-5270-417e-8b23-409e242739c1"><testcase classname="tests.test_site_settings_phase3.TestSiteSettingsAuth" name="test_put_without_auth_is_forbidden" time="0.180" /><testcase classname="tests.test_site_settings_phase3.TestSiteSettingsAuth" name="test_put_with_invalid_token_is_forbidden" time="0.121" /><testcase classname="tests.test_site_settings_phase3.TestSiteSettingsShape" name="test_public_get_returns_all_groups" time="0.133" /><testcase classname="tests.test_site_settings_phase3.TestDeepMerge" name="test_partial_update_preserves_other_fields" time="0.531" /><testcase classname="tests.test_site_settings_phase3.TestSectionVisibility" name="test_toggle_podcast_visibility_off_then_on" time="0.388" /><testcase classname="tests.test_site_settings_phase3.TestDeepMerge" name="test_sections_podcast_persisted_and_reflected" time="0.130" /><testcase classname="tests.test_site_settings_phase3.TestDeepMerge" name="test_empty_string_fallback_semantics" time="0.191" /></testsuite></testsuites>