<?xml version="1.0" encoding="utf-8"?><testsuites name="pytest tests"><testsuite name="pytest" errors="0" failures="0" skipped="0" tests="24" time="1.823" timestamp="2026-08-06T08:00:58.507360+00:00" hostname="agent-env-1df9cc5b-5270-417e-8b23-409e242739c1"><testcase classname="tests.test_image_optimization.TestImgEndpoint" name="test_serve_real_bytes_with_v" time="0.206" /><testcase classname="tests.test_image_optimization.TestPublicListsLightened" name="test_no_base64_in_lists[/api/news-fields0]" time="0.184" /><testcase classname="tests.test_image_optimization.TestPublicListsLightened" name="test_no_base64_in_lists[/api/podcasts-fields1]" time="0.081" /><testcase classname="tests.test_image_optimization.TestImgEndpoint" name="test_serve_without_v" time="0.041" /><testcase classname="tests.test_image_optimization.TestImgEndpoint" name="test_cache_control_header_backend_side" time="0.003" /><testcase classname="tests.test_image_optimization.TestImgEndpoint" name="test_404_unknown_collection" time="0.083" /><testcase classname="tests.test_image_optimization.TestPublicListsLightened" name="test_no_base64_in_lists[/api/meditations-fields2]" time="0.038" /><testcase classname="tests.test_image_optimization.TestPublicListsLightened" name="test_no_base64_in_lists[/api/crew-fields3]" time="0.080" /><testcase classname="tests.test_image_optimization.TestImgEndpoint" name="test_404_unknown_doc" time="0.042" /><testcase classname="tests.test_image_optimization.TestImgEndpoint" name="test_404_field_not_whitelisted" time="0.078" /><testcase classname="tests.test_image_optimization.TestPublicListsLightened" name="test_no_base64_in_lists[/api/programs-fields4]" time="0.039" /><testcase classname="tests.test_image_optimization.TestPublicListsLightened" name="test_no_base64_in_lists[/api/reading-plans-fields5]" time="0.043" /><testcase classname="tests.test_image_optimization.TestPublicListsLightened" name="test_no_base64_in_lists[/api/contents?section=predicazioni-fields6]" time="0.301" /><testcase classname="tests.test_image_optimization.TestAdminReturnsFullBase64" name="test_admin_news_get_returns_base64" time="0.318" /><testcase classname="tests.test_image_optimization.TestPublicListsLightened" name="test_no_base64_in_lists[/api/showcase-fields7]" time="0.037" /><testcase classname="tests.test_image_optimization.TestAdminReturnsFullBase64" name="test_admin_meditation_get_returns_base64" time="0.052" /><testcase classname="tests.test_image_optimization.TestPublicListsLightened" name="test_news_target_item_has_img_url" time="0.037" /><testcase classname="tests.test_image_optimization.TestAdminReturnsFullBase64" name="test_admin_list_returns_base64_when_present[podcasts-/api/admin/podcasts-artwork]" time="0.105" /><testcase classname="tests.test_image_optimization.TestPublicListsLightened" name="test_external_urls_preserved" time="0.035" /><testcase classname="tests.test_image_optimization.TestCacheBust" name="test_v_changes_after_content_update" time="0.176" /><testcase classname="tests.test_image_optimization.TestAdminReturnsFullBase64" name="test_admin_list_returns_base64_when_present[crew-/api/admin/crew-portrait]" time="0.047" /><testcase classname="tests.test_image_optimization.TestAdminReturnsFullBase64" name="test_admin_list_returns_base64_when_present[reading-plans-/api/admin/reading-plans-cover]" time="0.042" /><testcase classname="tests.test_image_optimization.TestAdminReturnsFullBase64" name="test_admin_list_returns_base64_when_present[contents-/api/admin/contents?section=predicazioni-thumbnail]" time="0.050" /><testcase classname="tests.test_image_optimization.TestAchievementsRegression" name="test_demo_achievements_earned_6" time="0.368" /></testsuite></testsuites>