<?xml version="1.0" encoding="utf-8"?><testsuites name="pytest tests"><testsuite name="pytest" errors="0" failures="0" skipped="0" tests="9" time="30.224" timestamp="2026-07-31T15:44:18.677962+00:00" hostname="agent-env-1df9cc5b-5270-417e-8b23-409e242739c1"><testcase classname="tests.test_timoteo.TestTimoteoBasics" name="test_no_auth_never_401" time="4.451" /><testcase classname="tests.test_timoteo.TestTimoteoBasics" name="test_never_500_even_on_empty" time="3.533" /><testcase classname="tests.test_timoteo.TestTimoteoScenarios" name="test_open_giovanni_3_16" time="2.508" /><testcase classname="tests.test_timoteo.TestTimoteoScenarios" name="test_open_radio" time="2.304" /><testcase classname="tests.test_timoteo.TestTimoteoScenarios" name="test_prayer_board_navigation" time="2.914" /><testcase classname="tests.test_timoteo.TestTimoteoScenarios" name="test_hope_verses_grounding" time="5.138" /><testcase classname="tests.test_timoteo.TestTimoteoScenarios" name="test_podcast_search_real_ids_or_none" time="3.331" /><testcase classname="tests.test_timoteo.TestTimoteoScenarios" name="test_support_password" time="3.185" /><testcase classname="tests.test_timoteo.TestTimoteoScenarios" name="test_session_memory_chapter_5" time="2.799" /></testsuite></testsuites>