<?xml version="1.0" encoding="utf-8"?><testsuites name="pytest tests"><testsuite name="pytest" errors="0" failures="0" skipped="0" tests="23" time="2.192" timestamp="2026-07-26T16:58:57.914229+00:00" hostname="agent-env-1df9cc5b-5270-417e-8b23-409e242739c1"><testcase classname="tests.test_payments_overhaul.TestDonationCheckout" name="test_amount_too_low" time="0.256" /><testcase classname="tests.test_payments_overhaul.TestDonationCheckout" name="test_amount_too_high" time="0.238" /><testcase classname="tests.test_payments_overhaul.TestDonationCheckout" name="test_valid_amount_stripe_400_not_500" time="0.320" /><testcase classname="tests.test_payments_overhaul.TestOrderCheckout" name="test_empty_items" time="0.735" /><testcase classname="tests.test_payments_overhaul.TestOrderCheckout" name="test_shipping_missing_surname" time="0.080" /><testcase classname="tests.test_payments_overhaul.TestOrderCheckout" name="test_shipping_missing_address" time="0.036" /><testcase classname="tests.test_payments_overhaul.TestAuthGuards" name="test_admin_orders_no_token" time="0.074" /><testcase classname="tests.test_payments_overhaul.TestOrderCheckout" name="test_shipping_missing_cap" time="0.077" /><testcase classname="tests.test_payments_overhaul.TestAuthGuards" name="test_admin_orders_patch_no_token" time="0.042" /><testcase classname="tests.test_payments_overhaul.TestOrderCheckout" name="test_shipping_missing_city" time="0.038" /><testcase classname="tests.test_payments_overhaul.TestAuthGuards" name="test_admin_orders_invalid_token" time="0.075" /><testcase classname="tests.test_payments_overhaul.TestOrderCheckout" name="test_shipping_missing_province" time="0.084" /><testcase classname="tests.test_payments_overhaul.TestRegression" name="test_products_public_ok" time="0.586" /><testcase classname="tests.test_payments_overhaul.TestOrderCheckout" name="test_pickup_empty_phone" time="0.097" /><testcase classname="tests.test_payments_overhaul.TestOrderCheckout" name="test_unknown_product" time="0.083" /><testcase classname="tests.test_payments_overhaul.TestOrderCheckout" name="test_valid_shipping_reaches_stripe_400" time="0.056" /><testcase classname="tests.test_payments_overhaul.TestOrderCheckout" name="test_no_orphan_order_after_stripe_failure" time="0.048" /><testcase classname="tests.test_payments_overhaul.TestOrderCheckout" name="test_sold_out_blocked" time="0.117" /><testcase classname="tests.test_payments_overhaul.TestOrderCheckout" name="test_price_bogus_field_ignored" time="0.098" /><testcase classname="tests.test_payments_overhaul.TestAdminLogin" name="test_admin_login_returns_token" time="0.080" /><testcase classname="tests.test_payments_overhaul.TestRegression" name="test_meditations_public_ok" time="0.039" /><testcase classname="tests.test_payments_overhaul.TestDonationSubscribe" name="test_invalid_plan" time="0.074" /><testcase classname="tests.test_payments_overhaul.TestDonationSubscribe" name="test_valid_plan_stripe_400_not_500" time="0.058" /></testsuite></testsuites>