<?xml version="1.0" encoding="utf-8"?><testsuites name="pytest tests"><testsuite name="pytest" errors="0" failures="0" skipped="0" tests="13" time="2.378" timestamp="2026-07-25T07:45:56.593571+00:00" hostname="agent-env-1df9cc5b-5270-417e-8b23-409e242739c1"><testcase classname="tests.test_donations.TestAdminDonations" name="test_admin_list_requires_auth" time="0.158" /><testcase classname="tests.test_donations.TestDonationCheckout" name="test_checkout_anonymous_success" time="0.806" /><testcase classname="tests.test_donations.TestAdminDonations" name="test_admin_list_with_admin_token" time="0.647" /><testcase classname="tests.test_donations.TestAdminDonations" name="test_admin_stats_shape" time="0.585" /><testcase classname="tests.test_donations.TestDonationCheckout" name="test_checkout_authenticated" time="0.583" /><testcase classname="tests.test_donations.TestDonationCheckout" name="test_checkout_amount_too_low" time="0.080" /><testcase classname="tests.test_donations.TestAdminDonations" name="test_admin_stats_requires_auth" time="0.078" /><testcase classname="tests.test_donations.TestDonationCheckout" name="test_checkout_amount_too_high" time="0.042" /><testcase classname="tests.test_donations.TestMyDonations" name="test_requires_auth" time="0.077" /><testcase classname="tests.test_donations.TestDonationCheckout" name="test_checkout_amount_zero" time="0.036" /><testcase classname="tests.test_donations.TestMyDonations" name="test_with_token_returns_list" time="0.381" /><testcase classname="tests.test_donations.TestDonationStatus" name="test_status_open_unpaid" time="0.382" /><testcase classname="tests.test_donations.TestAdminStatsDonationsField" name="test_donations_field_present" time="0.042" /></testsuite></testsuites>