<?xml version="1.0" encoding="utf-8"?><testsuites name="pytest tests"><testsuite name="pytest" errors="0" failures="0" skipped="0" tests="15" time="2.785" timestamp="2026-08-02T23:13:35.639279+00:00" hostname="agent-env-1df9cc5b-5270-417e-8b23-409e242739c1"><testcase classname="tests.test_showcase.TestPublicShowcase" name="test_public_returns_only_active_visible" time="0.154" /><testcase classname="tests.test_showcase.TestAdminShowcaseCRUD" name="test_admin_list" time="0.271" /><testcase classname="tests.test_showcase.TestPublicShowcase" name="test_public_order_ascending" time="0.189" /><testcase classname="tests.test_showcase.TestAdminShowcaseCRUD" name="test_create_card" time="0.161" /><testcase classname="tests.test_showcase.TestShowcasePermissions" name="test_no_auth_forbidden" time="0.139" /><testcase classname="tests.test_showcase.TestAdminShowcaseCRUD" name="test_patch_toggle_active" time="0.368" /><testcase classname="tests.test_showcase.TestShowcasePermissions" name="test_listener_forbidden" time="0.488" /><testcase classname="tests.test_showcase.TestAdminShowcaseCRUD" name="test_disabled_card_not_in_public" time="0.085" /><testcase classname="tests.test_showcase.TestAdminShowcaseCRUD" name="test_date_window_future" time="0.162" /><testcase classname="tests.test_showcase.TestNewsRegression" name="test_public_news" time="0.072" /><testcase classname="tests.test_showcase.TestNewsRegression" name="test_admin_news" time="0.072" /><testcase classname="tests.test_showcase.TestAdminShowcaseCRUD" name="test_date_window_past" time="0.208" /><testcase classname="tests.test_showcase.TestAdminShowcaseCRUD" name="test_no_dates_visible_when_active" time="0.171" /><testcase classname="tests.test_showcase.TestAdminShowcaseCRUD" name="test_reorder" time="0.314" /><testcase classname="tests.test_showcase.TestAdminShowcaseCRUD" name="test_delete_and_verify_404" time="0.558" /></testsuite></testsuites>