<?xml version="1.0" encoding="utf-8"?><testsuites name="pytest tests"><testsuite name="pytest" errors="0" failures="5" skipped="2" tests="266" time="90.689" timestamp="2026-07-25T11:22:59.364214+00:00" hostname="agent-env-1df9cc5b-5270-417e-8b23-409e242739c1"><testcase classname="tests.backend_test" name="test_live_status" time="0.169" /><testcase classname="tests.test_admin" name="test_admin_endpoint_requires_auth[GET-/admin/me]" time="0.142" /><testcase classname="tests.test_admin" name="test_admin_endpoint_requires_auth[GET-/admin/stats]" time="0.108" /><testcase classname="tests.backend_test" name="test_podcasts_list" time="0.043" /><testcase classname="tests.backend_test" name="test_podcasts_categories" time="0.079" /><testcase classname="tests.test_admin" name="test_admin_endpoint_requires_auth[GET-/admin/applications]" time="0.099" /><testcase classname="tests.backend_test" name="test_podcasts_search" time="0.080" /><testcase classname="tests.test_admin" name="test_admin_endpoint_requires_auth[GET-/admin/applications/xyz]" time="0.122" /><testcase classname="tests.backend_test" name="test_podcasts_category_filter" time="0.037" /><testcase classname="tests.backend_test" name="test_news_list" time="0.041" /><testcase classname="tests.backend_test" name="test_news_detail" time="0.041" /><testcase classname="tests.test_admin" name="test_admin_endpoint_requires_auth[PATCH-/admin/applications/xyz]" time="0.073" /><testcase classname="tests.backend_test" name="test_news_detail_404" time="0.037" /><testcase classname="tests.backend_test" name="test_programs_list" time="0.075" /><testcase classname="tests.test_admin" name="test_admin_endpoint_requires_auth[POST-/admin/applications/xyz/approve]" time="0.133" /><testcase classname="tests.backend_test" name="test_prayer_anonymous" time="0.083" /><testcase classname="tests.test_admin" name="test_admin_endpoint_requires_auth[POST-/admin/applications/xyz/reject]" time="0.080" /><testcase classname="tests.backend_test" name="test_prayer_named" time="0.078" /><testcase classname="tests.test_admin" name="test_admin_endpoint_requires_auth[DELETE-/admin/applications/xyz]" time="0.077" /><testcase classname="tests.backend_test" name="test_messages" time="0.039" /><testcase classname="tests.backend_test" name="test_contact" time="0.087" /><testcase classname="tests.test_admin" name="test_admin_endpoint_requires_auth[GET-/admin/crew]" time="0.089" /><testcase classname="tests.backend_test" name="test_register" time="0.307" /><testcase classname="tests.test_admin" name="test_admin_endpoint_requires_auth[PATCH-/admin/crew/xyz]" time="0.234" /><testcase classname="tests.test_admin" name="test_admin_endpoint_requires_auth[POST-/admin/crew/xyz/portrait]" time="0.074" /><testcase classname="tests.backend_test" name="test_register_duplicate" time="0.046" /><testcase classname="tests.test_admin" name="test_admin_endpoint_requires_auth[DELETE-/admin/crew/xyz]" time="0.273" /><testcase classname="tests.backend_test" name="test_login_bad" time="0.299" /><testcase classname="tests.test_admin" name="test_non_admin_gets_403" time="1.554" /><testcase classname="tests.backend_test" name="test_login_good" time="0.522" /><testcase classname="tests.backend_test" name="test_me" time="0.070" /><testcase classname="tests.backend_test" name="test_me_unauth" time="0.091" /><testcase classname="tests.backend_test" name="test_auth_session_invalid_token" time="0.280" /><testcase classname="tests.backend_test" name="test_favorite_toggle_on" time="0.088" /><testcase classname="tests.backend_test" name="test_favorite_ids_contains" time="0.113" /><testcase classname="tests.backend_test" name="test_favorites_list" time="0.077" /><testcase classname="tests.backend_test" name="test_favorite_toggle_off" time="0.076" /><testcase classname="tests.backend_test" name="test_history_add" time="0.130" /><testcase classname="tests.backend_test" name="test_history_get" time="0.119" /><testcase classname="tests.test_admin" name="test_admin_me" time="0.129" /><testcase classname="tests.backend_test" name="test_logout" time="0.141" /><testcase classname="tests.test_admin" name="test_admin_stats" time="0.124" /><testcase classname="tests.backend_test" name="test_crew_list" time="0.373" /><testcase classname="tests.test_admin" name="test_admin_applications_filters" time="1.010" /><testcase classname="tests.backend_test" name="test_crew_member_detail" time="0.034" /><testcase classname="tests.backend_test" name="test_crew_member_404" time="0.078" /><testcase classname="tests.backend_test" name="test_crew_application_full" time="0.078" /><testcase classname="tests.backend_test" name="test_crew_application_minimal" time="0.084" /><testcase classname="tests.backend_test" name="test_crew_application_missing_required" time="0.071" /><testcase classname="tests.backend_test" name="test_crew_applications_not_publicly_listed" time="0.054" /><testcase classname="tests.test_new_admin.TestAuthGuard" name="test_401_without_token[/api/admin/prayers]" time="0.082" /><testcase classname="tests.test_new_admin.TestAuthGuard" name="test_401_without_token[/api/admin/messages]" time="0.078" /><testcase classname="tests.test_new_admin.TestAuthGuard" name="test_401_without_token[/api/admin/programs]" time="0.043" /><testcase classname="tests.test_new_admin.TestAuthGuard" name="test_401_without_token[/api/admin/radio]" time="0.040" /><testcase classname="tests.test_new_admin.TestAuthGuard" name="test_401_without_token[/api/admin/settings]" time="0.080" /><testcase classname="tests.test_admin" name="test_approve_creates_public_crew_member_and_sync_and_delete" time="2.733" /><testcase classname="tests.test_new_admin.TestAuthGuard" name="test_401_without_token[/api/admin/users]" time="0.039" /><testcase classname="tests.test_new_admin.TestAuthGuard" name="test_403_non_admin[/api/admin/prayers]" time="0.354" /><testcase classname="tests.test_new_admin.TestAuthGuard" name="test_403_non_admin[/api/admin/messages]" time="0.076" /><testcase classname="tests.test_new_admin.TestAuthGuard" name="test_403_non_admin[/api/admin/programs]" time="0.040" /><testcase classname="tests.test_new_admin.TestAuthGuard" name="test_403_non_admin[/api/admin/radio]" time="0.040" /><testcase classname="tests.test_new_admin.TestAuthGuard" name="test_403_non_admin[/api/admin/settings]" time="0.037" /><testcase classname="tests.test_new_admin.TestAuthGuard" name="test_403_non_admin[/api/admin/users]" time="0.055" /><testcase classname="tests.test_new_admin.TestAuthGuard" name="test_200_admin[/api/admin/prayers]" time="0.082" /><testcase classname="tests.test_new_admin.TestAuthGuard" name="test_200_admin[/api/admin/messages]" time="0.081" /><testcase classname="tests.test_new_admin.TestAuthGuard" name="test_200_admin[/api/admin/programs]" time="0.080" /><testcase classname="tests.test_new_admin.TestAuthGuard" name="test_200_admin[/api/admin/radio]" time="0.057" /><testcase classname="tests.test_new_admin.TestAuthGuard" name="test_200_admin[/api/admin/settings]" time="0.039" /><testcase classname="tests.test_new_admin.TestAuthGuard" name="test_200_admin[/api/admin/users]" time="0.040" /><testcase classname="tests.test_cms" name="test_cms_endpoint_requires_auth[GET-/admin/podcasts]" time="0.080" /><testcase classname="tests.test_cms" name="test_cms_endpoint_requires_auth[POST-/admin/podcasts]" time="0.109" /><testcase classname="tests.test_cms" name="test_cms_endpoint_requires_auth[PATCH-/admin/podcasts/xyz]" time="0.078" /><testcase classname="tests.test_cms" name="test_cms_endpoint_requires_auth[DELETE-/admin/podcasts/xyz]" time="0.113" /><testcase classname="tests.test_cms" name="test_cms_endpoint_requires_auth[POST-/admin/podcasts/featured-order]" time="0.092" /><testcase classname="tests.test_cms" name="test_cms_endpoint_requires_auth[GET-/admin/news]" time="0.076" /><testcase classname="tests.test_cms" name="test_cms_endpoint_requires_auth[POST-/admin/news]" time="0.098" /><testcase classname="tests.test_cms" name="test_cms_endpoint_requires_auth[PATCH-/admin/news/xyz]" time="0.072" /><testcase classname="tests.test_cms" name="test_cms_endpoint_requires_auth[DELETE-/admin/news/xyz]" time="0.071" /><testcase classname="tests.test_cms" name="test_cms_non_admin_gets_403" time="1.133" /><testcase classname="tests.test_admin" name="test_reject_does_not_publish_and_delete_cleanup" time="0.869" /><testcase classname="tests.test_cms" name="test_podcast_full_lifecycle" time="0.283"><failure message="AssertionError: {&quot;ok&quot;:true,&quot;id&quot;:&quot;pod_2b930c43e72b&quot;}&#10;assert 201 == 200&#10; +  where 201 = &lt;Response [201]&gt;.status_code">tests/test_cms.py:77: in test_podcast_full_lifecycle
    assert r.status_code == 200, r.text
E   AssertionError: {"ok":true,"id":"pod_2b930c43e72b"}
E   assert 201 == 200
E    +  where 201 = &lt;Response [201]&gt;.status_code</failure></testcase><testcase classname="tests.test_cms" name="test_news_full_lifecycle" time="0.074"><failure message="AssertionError: {&quot;ok&quot;:true,&quot;id&quot;:&quot;news_80ffe3401e8a&quot;}&#10;assert 201 == 200&#10; +  where 201 = &lt;Response [201]&gt;.status_code">tests/test_cms.py:157: in test_news_full_lifecycle
    assert r.status_code == 200, r.text
E   AssertionError: {"ok":true,"id":"news_80ffe3401e8a"}
E   assert 201 == 200
E    +  where 201 = &lt;Response [201]&gt;.status_code</failure></testcase><testcase classname="tests.test_cms" name="test_public_endpoints_and_regression" time="1.116" /><testcase classname="tests.test_admin" name="test_public_endpoints_still_work[/crew]" time="0.340" /><testcase classname="tests.test_admin" name="test_public_endpoints_still_work[/live/status]" time="0.165" /><testcase classname="tests.test_admin" name="test_public_endpoints_still_work[/podcasts]" time="0.073" /><testcase classname="tests.test_admin" name="test_public_endpoints_still_work[/news]" time="0.082" /><testcase classname="tests.test_admin" name="test_public_endpoints_still_work[/programs]" time="0.083" /><testcase classname="tests.test_admin" name="test_luigi_and_concetta_untouched" time="0.334"><failure message="AssertionError: Concetta's application must remain pending&#10;assert 'approved' == 'pending'&#10;  &#10;  - pending&#10;  + approved">tests/test_admin.py:215: in test_luigi_and_concetta_untouched
    assert matches[0]["status"] == "pending", "Concetta's application must remain pending"
E   AssertionError: Concetta's application must remain pending
E   assert 'approved' == 'pending'
E     
E     - pending
E     + approved</failure></testcase><testcase classname="tests.test_cms" name="test_public_only_published" time="0.145" /><testcase classname="tests.test_cms" name="test_luigi_untouched" time="0.079" /><testcase classname="tests.test_admin" name="test_zzz_final_cleanup" time="0.187" /><testcase classname="tests.test_cms" name="test_zzz_final_cleanup" time="0.855" /><testcase classname="tests.test_rbac.TestRbacFlow" name="test_01_register_listener" time="0.308" /><testcase classname="tests.test_rbac.TestRbacFlow" name="test_02_me_returns_role_permissions" time="0.079" /><testcase classname="tests.test_rbac.TestRbacFlow" name="test_03_login_returns_role_permissions" time="0.314" /><testcase classname="tests.test_notifications_account.TestAdminNotifications" name="test_send_requires_admin" time="0.101" /><testcase classname="tests.test_rbac.TestRbacFlow" name="test_04_admin_me_403_for_listener" time="0.102" /><testcase classname="tests.test_rbac.TestRbacFlow" name="test_05_admin_me_200_for_admin" time="0.292" /><testcase classname="tests.test_notifications_account.TestAdminNotifications" name="test_non_admin_forbidden" time="2.649" /><testcase classname="tests.test_rbac.TestRbacFlow" name="test_06_register_second_user_for_collab" time="2.352" /><testcase classname="tests.test_notifications_account.TestAdminNotifications" name="test_invalid_category" time="0.110" /><testcase classname="tests.test_rbac.TestRbacFlow" name="test_07_non_admin_cannot_set_role" time="0.106" /><testcase classname="tests.test_notifications_account.TestAdminNotifications" name="test_empty_title_or_message" time="0.160" /><testcase classname="tests.test_rbac.TestRbacFlow" name="test_08_admin_promotes_to_collaborator" time="0.078" /><testcase classname="tests.test_rbac.TestRbacFlow" name="test_09_admin_users_reflects_role_permissions" time="0.069" /><testcase classname="tests.test_rbac.TestRbacFlow" name="test_10_admin_me_for_collaborator" time="0.072" /><testcase classname="tests.test_notifications_account.TestAdminNotifications" name="test_send_success_records_failed_log" time="0.347" /><testcase classname="tests.test_rbac.TestRbacFlow" name="test_11_collab_can_get_podcasts" time="0.091" /><testcase classname="tests.test_rbac.TestRbacFlow" name="test_12_collab_can_post_podcast" time="0.275" /><testcase classname="tests.test_notifications_account.TestAdminNotifications" name="test_audience_counts" time="0.081" /><testcase classname="tests.test_rbac.TestRbacFlow" name="test_13_collab_denied_admin_users" time="0.993" /><testcase classname="tests.test_donations.TestDonationCheckout" name="test_checkout_anonymous_success" time="0.991" /><testcase classname="tests.test_donations.TestDonationCheckout" name="test_checkout_authenticated" time="0.621" /><testcase classname="tests.test_rbac.TestRbacFlow" name="test_14_collab_denied_admin_settings" time="0.582" /><testcase classname="tests.test_rbac.TestRbacFlow" name="test_15_cleanup_test_users" time="0.162" /><testcase classname="tests.test_donations.TestDonationCheckout" name="test_checkout_amount_too_low" time="0.036" /><testcase classname="tests.test_donations.TestDonationCheckout" name="test_checkout_amount_too_high" time="0.031" /><testcase classname="tests.test_donations.TestDonationCheckout" name="test_checkout_amount_zero" time="0.029" /><testcase classname="tests.test_merch.TestCreateProduct" name="test_create_returns_201_and_id" time="0.156" /><testcase classname="tests.test_meditations.TestCRUD" name="test_create_published_now" time="0.438" /><testcase classname="tests.test_merch.TestCreateProduct" name="test_create_invalid_availability_400" time="0.080" /><testcase classname="tests.test_merch.TestCreateProduct" name="test_create_valid_availability_persists[available]" time="0.160" /><testcase classname="tests.test_merch.TestCreateProduct" name="test_create_valid_availability_persists[coming_soon]" time="0.150" /><testcase classname="tests.test_meditations.TestCRUD" name="test_create_draft_not_public" time="0.280" /><testcase classname="tests.test_merch.TestCreateProduct" name="test_create_valid_availability_persists[sold_out]" time="0.851" /><testcase classname="tests.test_meditations.TestCRUD" name="test_scheduled_future_not_public" time="0.230" /><testcase classname="tests.test_meditations.TestCRUD" name="test_search_and_category_filter" time="0.537" /><testcase classname="tests.test_notifications_account.TestPasswordReset" name="test_forgot_password_unknown_email_no_code" time="0.075" /><testcase classname="tests.test_notifications_account.TestPasswordReset" name="test_forgot_password_known_returns_fallback_code" time="0.098" /><testcase classname="tests.test_meditations.TestCRUD" name="test_patch_and_delete" time="1.276" /><testcase classname="tests.test_notifications_account.TestPasswordReset" name="test_reset_password_wrong_code" time="0.073" /><testcase classname="tests.test_notifications_account.TestPasswordReset" name="test_reset_password_short_password" time="0.065" /><testcase classname="tests.test_notifications_account.TestPasswordReset" name="test_reset_password_success_and_invalidates_sessions" time="0.679" /><testcase classname="tests.test_radio_azuracast.TestAdminRadio" name="test_get_requires_auth" time="0.119" /><testcase classname="tests.test_radio_azuracast.TestAdminRadio" name="test_get_admin_ok" time="0.033" /><testcase classname="tests.test_radio_azuracast.TestAdminRadio" name="test_put_refresh_interval_persists" time="0.194" /><testcase classname="tests.test_radio_azuracast.TestAdminRadio" name="test_put_updates_stream_url_used_by_stream" time="15.227" /><testcase classname="tests.test_notifications_account.TestAutoNotifications" name="test_create_podcast_logs_new_podcast" time="0.808" /><testcase classname="tests.test_notifications_account.TestAutoNotifications" name="test_create_meditation_logs_new_meditation" time="0.778" /><testcase classname="tests.test_notifications_account.TestAutoNotifications" name="test_create_news_published_logs" time="0.784" /><testcase classname="tests.test_notifications_account.TestAutoNotifications" name="test_create_news_draft_does_not_log" time="0.447" /><testcase classname="tests.test_notifications_account.TestAutoNotifications" name="test_radio_live_start_logs" time="11.461" /><testcase classname="tests.test_rbac_v2.TestAdminUsersListing" name="test_admin_users_returns_expected_fields" time="0.416" /><testcase classname="tests.test_rbac_v2.TestAdminUsersListing" name="test_admin_users_filter_role" time="0.076" /><testcase classname="tests.test_rbac_v2.TestAdminUsersListing" name="test_admin_users_filter_status_active" time="0.033" /><testcase classname="tests.test_rbac_v2.TestAdminUsersListing" name="test_admin_users_sort_name" time="0.035"><failure message="AssertionError: assert ['admin pdu',...'n', 'n', ...] == ['admin pdu',...'n', 'n', ...]&#10;  &#10;  At index 14 diff: 'test frontend renamed' != 'test auth'&#10;  &#10;  Full diff:&#10;    [&#10;        'admin pdu',&#10;        'collab',...&#10;  &#10;  ...Full output truncated (26 lines hidden), use '-vv' to show">tests/test_rbac_v2.py:99: in test_admin_users_sort_name
    assert names == sorted(names)
E   AssertionError: assert ['admin pdu',...'n', 'n', ...] == ['admin pdu',...'n', 'n', ...]
E     
E     At index 14 diff: 'test frontend renamed' != 'test auth'
E     
E     Full diff:
E       [
E           'admin pdu',
E           'collab',...
E     
E     ...Full output truncated (26 lines hidden), use '-vv' to show</failure></testcase><testcase classname="tests.test_rbac_v2.TestAdminUsersListing" name="test_admin_users_sort_last_login_accepts" time="0.067" /><testcase classname="tests.test_rbac_v2.TestPublicRegression" name="test_live_status" time="0.090" /><testcase classname="tests.test_rbac_v2.TestPublicRegression" name="test_podcasts" time="0.031" /><testcase classname="tests.test_rbac_v2.TestPublicRegression" name="test_news" time="0.033" /><testcase classname="tests.test_rbac_v2.TestPublicRegression" name="test_products" time="0.224" /><testcase classname="tests.test_radio_azuracast.TestAdminRadio" name="test_non_admin_forbidden" time="0.429" /><testcase classname="tests.test_rbac_v2.TestPublicRegression" name="test_auth_me_returns_role_permissions" time="0.138" /><testcase classname="tests.test_donations.TestAdminDonations" name="test_admin_list_requires_auth" time="0.124" /><testcase classname="tests.test_donations.TestAdminDonations" name="test_admin_list_with_admin_token" time="0.079" /><testcase classname="tests.test_radio_control.TestPublicRegression" name="test_live_status_shape_full" time="0.162" /><testcase classname="tests.test_donations.TestAdminDonations" name="test_admin_stats_shape" time="0.053" /><testcase classname="tests.test_donations.TestAdminDonations" name="test_admin_stats_requires_auth" time="0.036" /><testcase classname="tests.test_radio_control.TestPublicRegression" name="test_public_endpoints_200[/api/podcasts]" time="0.031" /><testcase classname="tests.test_radio_control.TestPublicRegression" name="test_public_endpoints_200[/api/news]" time="0.030" /><testcase classname="tests.test_radio_control.TestPublicRegression" name="test_public_endpoints_200[/api/products]" time="0.234" /><testcase classname="tests.test_live_streaming.TestLiveLinksPersistence" name="test_put_requires_auth" time="0.161" /><testcase classname="tests.test_live_streaming.TestLiveLinksPersistence" name="test_put_persists_live_links" time="0.149" /><testcase classname="tests.test_live_streaming.TestLiveLinksPersistence" name="test_put_partial_update_merges_or_replaces" time="0.077" /><testcase classname="tests.test_radio_control.TestPublicRegression" name="test_public_endpoints_200[/api/programs]" time="0.031" /><testcase classname="tests.test_meditations.TestPublic" name="test_public_list_ok" time="0.072" /><testcase classname="tests.test_live_streaming.TestLiveLinksPersistence" name="test_put_empty_live_links_clears" time="0.034" /><testcase classname="tests.test_merch.TestPublicProducts" name="test_categories_endpoint" time="0.078" /><testcase classname="tests.test_meditations.TestPublic" name="test_public_categories_ok" time="0.115" /><testcase classname="tests.test_merch.TestPublicProducts" name="test_public_list_hides_unpublished_and_sorts_featured" time="0.704" /><testcase classname="tests.test_meditations.TestPublic" name="test_public_detail_404" time="0.072" /><testcase classname="tests.test_meditations.TestPublic" name="test_public_detail_demo" time="0.085" /><testcase classname="tests.test_notifications_account.TestChangePassword" name="test_wrong_current_password" time="0.299" /><testcase classname="tests.test_notifications_account.TestChangePassword" name="test_short_new_password" time="0.075" /><testcase classname="tests.test_notifications_account.TestChangePassword" name="test_success" time="2.940" /><testcase classname="tests.test_merch.TestPublicProducts" name="test_public_search_and_category" time="2.992" /><testcase classname="tests.test_notifications_account.TestChangePassword" name="test_change_password_unauth" time="0.086" /><testcase classname="tests.test_radio_azuracast.TestPublicRegression" name="test_podcasts" time="0.031" /><testcase classname="tests.test_radio_azuracast.TestPublicRegression" name="test_news" time="0.033" /><testcase classname="tests.test_radio_azuracast.TestPublicRegression" name="test_products" time="0.243" /><testcase classname="tests.test_merch.TestPublicProducts" name="test_public_detail_and_404" time="0.955" /><testcase classname="tests.test_radio_azuracast.TestPublicRegression" name="test_programs" time="0.032" /><testcase classname="tests.test_rbac.TestAdminEndpoints" name="test_admin_stats" time="0.081" /><testcase classname="tests.test_rbac.TestAdminEndpoints" name="test_admin_applications" time="0.391" /><testcase classname="tests.test_rbac.TestAdminEndpoints" name="test_admin_users" time="0.075" /><testcase classname="tests.test_rbac.TestAdminEndpoints" name="test_admin_settings" time="0.079" /><testcase classname="tests.test_rbac.TestPublicRegression" name="test_public_endpoint_ok[/live/status]" time="0.130" /><testcase classname="tests.test_radio_control.TestAdminRadioControl" name="test_control_requires_auth" time="0.115" /><testcase classname="tests.test_rbac.TestPublicRegression" name="test_public_endpoint_ok[/podcasts]" time="0.073" /><testcase classname="tests.test_radio_control.TestAdminRadioControl" name="test_invalid_action_400" time="0.077" /><testcase classname="tests.test_rbac.TestPublicRegression" name="test_public_endpoint_ok[/news]" time="0.078" /><testcase classname="tests.test_radio_control.TestAdminRadioControl" name="test_start_ok_when_stopped_or_running" time="11.357" /><testcase classname="tests.test_rbac.TestPublicRegression" name="test_public_endpoint_ok[/products]" time="0.348" /><testcase classname="tests.test_contact_settings.TestAdminToPublicSync" name="test_put_all_contact_fields_and_verify_public" time="0.113" /><testcase classname="tests.test_contact_settings.TestAdminToPublicSync" name="test_clearing_social_fields_persists_empty_string" time="0.069" /><testcase classname="tests.test_contact_settings.TestAdminToPublicSync" name="test_restore_full_payload_for_frontend_tests" time="0.065" /><testcase classname="tests.test_merch.TestAdminAuthGuard" name="test_admin_products_requires_token" time="0.067" /><testcase classname="tests.test_merch.TestAdminAuthGuard" name="test_admin_products_forbidden_for_non_admin" time="0.395" /><testcase classname="tests.test_merch.TestAdminAuthGuard" name="test_admin_products_ok_for_admin" time="0.296" /><testcase classname="tests.test_notifications_account.TestNotifPrefs" name="test_defaults_are_all_true" time="0.089" /><testcase classname="tests.test_notifications_account.TestNotifPrefs" name="test_put_persists" time="0.146" /><testcase classname="tests.test_notifications_account.TestNotifPrefs" name="test_prefs_unauth" time="0.147" /><testcase classname="tests.test_radio_azuracast.TestLiveArt" name="test_art_invalid_url_400" time="0.033" /><testcase classname="tests.test_radio_azuracast.TestLiveArt" name="test_art_unreachable_url_503" time="10.052" /><testcase classname="tests.test_radio_control.TestAdminRadioControl" name="test_restart_ok_and_station_running" time="15.466" /><testcase classname="tests.test_radio_azuracast.TestLiveArt" name="test_art_from_status_artwork" time="0.082"><skipped type="pytest.skip" message="artwork not proxied (default https image)">/app/backend/tests/test_radio_azuracast.py:88: artwork not proxied (default https image)</skipped></testcase><testcase classname="tests.test_radio_control.TestAdminRadioStatus" name="test_status_requires_auth" time="0.075" /><testcase classname="tests.test_radio_control.TestAdminRadioStatus" name="test_status_non_admin_forbidden" time="0.330" /><testcase classname="tests.test_radio_control.TestAdminRadioStatus" name="test_status_shape_admin_ok" time="0.161" /><testcase classname="tests.test_radio_control.TestAdminRadioMasking" name="test_get_masks_api_key" time="0.034" /><testcase classname="tests.test_radio_control.TestAdminRadioMasking" name="test_put_empty_key_does_not_wipe" time="0.035" /><testcase classname="tests.test_radio_control.TestAdminRadioMasking" name="test_put_updates_live_watch_url_and_refresh" time="0.262" /><testcase classname="tests.test_radio_control.TestAdminRadioLive" name="test_live_requires_auth" time="0.031" /><testcase classname="tests.test_radio_control.TestAdminRadioLive" name="test_invalid_action_400" time="0.139" /><testcase classname="tests.test_radio_control.TestAdminRadioLive" name="test_live_start_persists_then_end_restores" time="30.231" /><testcase classname="tests.test_meditations.TestNotifications" name="test_publish_creates_notification_log" time="1.364" /><testcase classname="tests.test_meditations.TestNotifications" name="test_draft_does_not_create_log" time="0.691" /><testcase classname="tests.test_meditations.TestNotifications" name="test_admin_stats_includes_meditations" time="0.248" /><testcase classname="tests.test_contact_settings.TestContactForm" name="test_post_contact_success" time="0.066" /><testcase classname="tests.test_contact_settings.TestContactForm" name="test_post_contact_missing_field_returns_422" time="0.070" /><testcase classname="tests.test_donations.TestMyDonations" name="test_requires_auth" time="0.087" /><testcase classname="tests.test_donations.TestMyDonations" name="test_with_token_returns_list" time="0.077" /><testcase classname="tests.test_live_streaming.TestPublicLiveStatusLinks" name="test_public_live_status_includes_live_links" time="0.225" /><testcase classname="tests.test_live_streaming.TestPublicLiveStatusLinks" name="test_public_live_status_after_clear" time="0.194" /><testcase classname="tests.test_live_streaming.TestAdminRadioStatusLinks" name="test_status_returns_live_links" time="0.271" /><testcase classname="tests.test_live_streaming.TestAdminRadioStatusLinks" name="test_status_requires_auth" time="0.070" /><testcase classname="tests.test_live_streaming.TestLiveModeToggleRegression" name="test_start_then_end_live_mode" time="11.912" /><testcase classname="tests.test_live_streaming.TestLiveModeToggleRegression" name="test_invalid_action_returns_400" time="0.142" /><testcase classname="tests.test_meditations.TestAuth" name="test_admin_list_unauth_403" time="0.125" /><testcase classname="tests.test_meditations.TestAuth" name="test_admin_create_unauth_403" time="0.087" /><testcase classname="tests.test_merch.TestPatchProduct" name="test_patch_updates_and_persists" time="0.223" /><testcase classname="tests.test_merch.TestPatchProduct" name="test_patch_invalid_availability_400" time="0.666" /><testcase classname="tests.test_contact_settings.TestPublicSettings" name="test_get_public_settings_returns_dict_with_website_key_after_seed" time="0.104" /><testcase classname="tests.test_contact_settings.TestPublicSettings" name="test_public_settings_no_mongo_id" time="0.029" /><testcase classname="tests.test_new_admin.TestHTTP201" name="test_post_podcasts_returns_201" time="0.288" /><testcase classname="tests.test_notifications_account.TestUpdateProfile" name="test_update_name" time="0.096" /><testcase classname="tests.test_notifications_account.TestUpdateProfile" name="test_profile_unauth" time="0.069" /><testcase classname="tests.test_radio_azuracast.TestLiveStatus" name="test_live_status_shape" time="0.122" /><testcase classname="tests.test_new_admin.TestHTTP201" name="test_post_news_returns_201" time="0.152" /><testcase classname="tests.test_radio_azuracast.TestLiveStatus" name="test_live_status_never_500" time="0.501" /><testcase classname="tests.test_notifications_account.TestRegisterPush" name="test_placeholder_key_returns_controlled_error" time="0.694" /><testcase classname="tests.test_rbac_v2.TestInvitations" name="test_invitation_full_flow" time="1.565" /><testcase classname="tests.test_notifications_account.TestRegisterPush" name="test_missing_body_is_422_not_crash" time="0.243" /><testcase classname="tests.test_rbac_v2.TestActivity" name="test_activity_admin_only" time="0.054" /><testcase classname="tests.test_rbac_v2.TestActivity" name="test_activity_non_admin_403" time="0.442" /><testcase classname="tests.test_donations.TestDonationStatus" name="test_status_open_unpaid" time="0.000"><skipped type="pytest.skip" message="no session id from previous test">/app/backend/tests/test_donations.py:58: no session id from previous test</skipped></testcase><testcase classname="tests.test_donations.TestAdminStatsDonationsField" name="test_donations_field_present" time="0.117" /><testcase classname="tests.test_live_streaming.TestApiKeyMaskingRegression" name="test_get_admin_radio_masks_key_with_links_present" time="0.259" /><testcase classname="tests.test_merch.TestDeleteProduct" name="test_delete_removes_product" time="0.268" /><testcase classname="tests.test_rbac_v2.TestInvitations" name="test_invitation_revoke" time="0.222" /><testcase classname="tests.test_merch.TestReorderProducts" name="test_reorder_sets_order_field" time="0.745" /><testcase classname="tests.test_contact_settings.TestAdminGuard" name="test_admin_settings_requires_admin" time="0.079" /><testcase classname="tests.test_new_admin.TestAdminPrayers" name="test_prayer_full_lifecycle" time="0.707" /><testcase classname="tests.test_merch.TestAdminStatsProducts" name="test_stats_has_numeric_products_field" time="0.816" /><testcase classname="tests.test_new_admin.TestAdminPrograms" name="test_program_crud_and_201" time="0.351" /><testcase classname="tests.test_new_admin.TestAdminRadio" name="test_radio_get_and_update_persists" time="0.403"><failure message="AssertionError: assert True is False&#10; +  where True = &lt;built-in method get of dict object at 0xfa34031fb180&gt;('is_live')&#10; +    where &lt;built-in method get of dict object at 0xfa34031fb180&gt; = {'is_live': True, 'is_online': False, 'title': 'TEST Title', 'artist': 'TEST Artist', ...}.get">tests/test_new_admin.py:284: in test_radio_get_and_update_persists
    assert pub.get("is_live") is False
E   AssertionError: assert True is False
E    +  where True = &lt;built-in method get of dict object at 0xfa34031fb180&gt;('is_live')
E    +    where &lt;built-in method get of dict object at 0xfa34031fb180&gt; = {'is_live': True, 'is_online': False, 'title': 'TEST Title', 'artist': 'TEST Artist', ...}.get</failure></testcase><testcase classname="tests.test_new_admin.TestAdminMessagesAndTestimonies" name="test_messages_and_testimonies_workflow" time="1.558" /><testcase classname="tests.test_new_admin.TestAdminUsers" name="test_users_list_and_delete_rules" time="0.501" /><testcase classname="tests.test_notifications_account.TestAdminStatsExtension" name="test_stats_has_notifications_field" time="0.152" /><testcase classname="tests.test_radio_azuracast.TestAuth" name="test_register_and_me" time="0.379" /><testcase classname="tests.test_rbac_v2.TestSuspendReactivate" name="test_suspend_blocks_login_then_reactivate_restores" time="1.157" /><testcase classname="tests.test_new_admin.TestAdminSettings" name="test_settings_get_update_persist_and_public" time="0.322" /><testcase classname="tests.test_radio_azuracast.TestLiveStream" name="test_live_stream_offline_returns_503" time="1.475" /><testcase classname="tests.test_rbac_v2.TestRoleUpdate" name="test_role_administrator_rejected" time="0.545" /><testcase classname="tests.test_rbac_v2.TestRBACTeam" name="test_collab_team_can_crew_but_not_users" time="0.866" /></testsuite></testsuites>