<?xml version="1.0" encoding="utf-8"?><testsuites name="pytest tests"><testsuite name="pytest" errors="0" failures="1" skipped="0" tests="15" time="2.578" timestamp="2026-07-30T07:53:35.562298+00:00" hostname="agent-env-1df9cc5b-5270-417e-8b23-409e242739c1"><testcase classname="tests.test_reading_plans.TestPublicReadingPlans" name="test_list_returns_two_seeded_published" time="0.399" /><testcase classname="tests.test_reading_plans.TestPublicReadingPlans" name="test_detail_returns_full_days" time="0.257" /><testcase classname="tests.test_reading_plans.TestAuthorization" name="test_listener_forbidden_on_admin_routes" time="0.705" /><testcase classname="tests.test_reading_plans.TestPublicReadingPlans" name="test_detail_404_for_unknown" time="0.034" /><testcase classname="tests.test_reading_plans.TestAuthorization" name="test_listener_forbidden_on_admin_post" time="0.243" /><testcase classname="tests.test_reading_plans.TestAuthorization" name="test_missing_token_401" time="0.037" /><testcase classname="tests.test_reading_plans.TestAuthorization" name="test_invalid_token_401" time="0.079" /><testcase classname="tests.test_reading_plans.TestListenerEnrollment" name="test_enroll_and_list_and_progress" time="0.833" /><testcase classname="tests.test_reading_plans.TestAuthorization" name="test_me_reading_plans_requires_auth" time="0.040" /><testcase classname="tests.test_reading_plans.TestAdminCRUD" name="test_admin_crud_full_flow" time="0.670" /><testcase classname="tests.test_reading_plans.TestListenerEnrollment" name="test_detail_shows_enrollment_when_auth" time="0.110" /><testcase classname="tests.test_reading_plans.TestListenerEnrollment" name="test_unenroll_clears_my_list" time="0.188" /><testcase classname="tests.test_reading_plans.TestAdminCRUD" name="test_delete_also_removes_enrollments" time="0.281" /><testcase classname="tests.test_reading_plans.TestBibleRegression" name="test_bible_books" time="0.043"><failure message="AssertionError: assert (False)&#10; +  where False = isinstance({'translation': 'riveduta_1927', 'at': [{'id': 'riveduta_1927-1', 'translation': 'riveduta_1927', 'book_nr': 1, 'name': 'Genesi', ...}, {'id': 'riveduta_1927-2', 'translation': 'riveduta_1927', 'book_nr': 2, 'name': 'Esodo', ...}, {'id': 'riveduta_1927-3', 'translation': 'riveduta_1927', 'book_nr': 3, 'name': 'Levitico', ...}, {'id': 'riveduta_1927-4', 'translation': 'riveduta_1927', 'book_nr': 4, 'name': 'Numeri', ...}, {'id': 'riveduta_1927-5', 'translation': 'riveduta_1927', 'book_nr': 5, 'name': 'Deuteronomio', ...}, {'id': 'riveduta_1927-6', 'translation': 'riveduta_1927', 'book_nr': 6, 'name': 'Giosuè', ...}, ...], 'nt': [{'id': 'riveduta_1927-40', 'translation': 'riveduta_1927', 'book_nr': 40, 'name': 'Matteo', ...}, {'id': 'riveduta_1927-41', 'translation': 'riveduta_1927', 'book_nr': 41, 'name': 'Marco', ...}, {'id': 'riveduta_1927-42', 'translation': 'riveduta_1927', 'book_nr': 42, 'name': 'Luca', ...}, {'id': 'riveduta_1927-43', 'translation': 'riveduta_1927', 'book_nr': 43, 'name': 'Giovanni', ...}, {'id': 'riveduta_1927-44', 'translation': 'riveduta_1927', 'book_nr': 44, 'name': 'Atti', ...}, {'id': 'riveduta_1927-45', 'translation': 'riveduta_1927', 'book_nr': 45, 'name': 'Romani', ...}, ...]}, list)">backend/tests/test_reading_plans.py:267: in test_bible_books
    assert isinstance(books, list) and len(books) &gt; 0
E   AssertionError: assert (False)
E    +  where False = isinstance({'translation': 'riveduta_1927', 'at': [{'id': 'riveduta_1927-1', 'translation': 'riveduta_1927', 'book_nr': 1, 'name': 'Genesi', ...}, {'id': 'riveduta_1927-2', 'translation': 'riveduta_1927', 'book_nr': 2, 'name': 'Esodo', ...}, {'id': 'riveduta_1927-3', 'translation': 'riveduta_1927', 'book_nr': 3, 'name': 'Levitico', ...}, {'id': 'riveduta_1927-4', 'translation': 'riveduta_1927', 'book_nr': 4, 'name': 'Numeri', ...}, {'id': 'riveduta_1927-5', 'translation': 'riveduta_1927', 'book_nr': 5, 'name': 'Deuteronomio', ...}, {'id': 'riveduta_1927-6', 'translation': 'riveduta_1927', 'book_nr': 6, 'name': 'Giosuè', ...}, ...], 'nt': [{'id': 'riveduta_1927-40', 'translation': 'riveduta_1927', 'book_nr': 40, 'name': 'Matteo', ...}, {'id': 'riveduta_1927-41', 'translation': 'riveduta_1927', 'book_nr': 41, 'name': 'Marco', ...}, {'id': 'riveduta_1927-42', 'translation': 'riveduta_1927', 'book_nr': 42, 'name': 'Luca', ...}, {'id': 'riveduta_1927-43', 'translation': 'riveduta_1927', 'book_nr': 43, 'name': 'Giovanni', ...}, {'id': 'riveduta_1927-44', 'translation': 'riveduta_1927', 'book_nr': 44, 'name': 'Atti', ...}, {'id': 'riveduta_1927-45', 'translation': 'riveduta_1927', 'book_nr': 45, 'name': 'Romani', ...}, ...]}, list)</failure></testcase><testcase classname="tests.test_reading_plans.TestBibleRegression" name="test_bible_chapter" time="0.041" /></testsuite></testsuites>