<?xml version="1.0" encoding="utf-8"?><testsuites name="pytest tests"><testsuite name="pytest" errors="0" failures="0" skipped="0" tests="6" time="0.920" timestamp="2026-08-01T12:56:00.374656+00:00" hostname="agent-env-1df9cc5b-5270-417e-8b23-409e242739c1"><testcase classname="tests.test_analytics" name="test_active_and_online" time="0.091" /><testcase classname="tests.test_analytics" name="test_content_dedup" time="0.029" /><testcase classname="tests.test_analytics" name="test_radio_session_lifecycle" time="0.059" /><testcase classname="tests.test_analytics" name="test_admin_dashboard_shape" time="0.039" /><testcase classname="tests.test_analytics" name="test_admin_requires_admin" time="0.006" /><testcase classname="tests.test_analytics" name="test_public_endpoints_are_aggregated" time="0.002" /></testsuite></testsuites>