<?xml version="1.0" encoding="utf-8"?><testsuites name="pytest tests"><testsuite name="pytest" errors="0" failures="0" skipped="0" tests="11" time="1.800" timestamp="2026-07-28T11:41:02.328878+00:00" hostname="agent-env-1df9cc5b-5270-417e-8b23-409e242739c1"><testcase classname="tests.test_admin_role_assign.TestInvalidRole" name="test_invalid_role_rejected" time="0.889" /><testcase classname="tests.test_admin_role_assign.TestPromoteToAdministrator" name="test_listener_default_role" time="0.854" /><testcase classname="tests.test_admin_role_assign.TestPromoteToAdministrator" name="test_promote_listener_to_administrator" time="0.076" /><testcase classname="tests.test_admin_role_assign.TestInvalidRole" name="test_missing_role_rejected" time="0.031" /><testcase classname="tests.test_admin_role_assign.TestRegressionUserActions" name="test_suspend_and_reactivate" time="0.119" /><testcase classname="tests.test_admin_role_assign.TestPromoteToAdministrator" name="test_role_persisted_and_listed" time="0.034" /><testcase classname="tests.test_admin_role_assign.TestPromoteToAdministrator" name="test_demote_admin_to_collaborator" time="0.074" /><testcase classname="tests.test_admin_role_assign.TestPromoteToAdministrator" name="test_demote_admin_to_listener" time="0.111" /><testcase classname="tests.test_admin_role_assign.TestRegressionUserActions" name="test_manage_permissions_still_works" time="0.057" /><testcase classname="tests.test_admin_role_assign.TestAllowlistProtection" name="test_cannot_change_allowlist_admin_role" time="0.153" /><testcase classname="tests.test_admin_role_assign.TestUnauthorized" name="test_no_token_rejected" time="0.189" /></testsuite></testsuites>