<?xml version="1.0" encoding="utf-8"?><testsuites name="pytest tests"><testsuite name="pytest" errors="0" failures="0" skipped="0" tests="17" time="4.452" timestamp="2026-07-24T23:02:35.331405+00:00" hostname="agent-env-1df9cc5b-5270-417e-8b23-409e242739c1"><testcase classname="tests.test_rbac_v2.TestPublicRegression" name="test_live_status" time="0.145" /><testcase classname="tests.test_rbac_v2.TestPublicRegression" name="test_podcasts" time="0.223" /><testcase classname="tests.test_rbac_v2.TestPublicRegression" name="test_news" time="0.037" /><testcase classname="tests.test_rbac_v2.TestAdminUsersListing" name="test_admin_users_returns_expected_fields" time="0.412" /><testcase classname="tests.test_rbac_v2.TestPublicRegression" name="test_products" time="0.286" /><testcase classname="tests.test_rbac_v2.TestAdminUsersListing" name="test_admin_users_filter_role" time="0.112" /><testcase classname="tests.test_rbac_v2.TestAdminUsersListing" name="test_admin_users_filter_status_active" time="0.040" /><testcase classname="tests.test_rbac_v2.TestAdminUsersListing" name="test_admin_users_sort_name" time="0.039" /><testcase classname="tests.test_rbac_v2.TestAdminUsersListing" name="test_admin_users_sort_last_login_accepts" time="0.039" /><testcase classname="tests.test_rbac_v2.TestActivity" name="test_activity_admin_only" time="0.037" /><testcase classname="tests.test_rbac_v2.TestActivity" name="test_activity_non_admin_403" time="0.823" /><testcase classname="tests.test_rbac_v2.TestPublicRegression" name="test_auth_me_returns_role_permissions" time="0.550" /><testcase classname="tests.test_rbac_v2.TestInvitations" name="test_invitation_full_flow" time="1.543" /><testcase classname="tests.test_rbac_v2.TestSuspendReactivate" name="test_suspend_blocks_login_then_reactivate_restores" time="1.319" /><testcase classname="tests.test_rbac_v2.TestInvitations" name="test_invitation_revoke" time="0.334" /><testcase classname="tests.test_rbac_v2.TestRoleUpdate" name="test_role_administrator_rejected" time="0.923" /><testcase classname="tests.test_rbac_v2.TestRBACTeam" name="test_collab_team_can_crew_but_not_users" time="0.923" /></testsuite></testsuites>