<?xml version="1.0" encoding="utf-8"?><testsuites name="pytest tests"><testsuite name="pytest" errors="0" failures="0" skipped="0" tests="34" time="4.420" timestamp="2026-07-25T11:26:27.826688+00:00" hostname="agent-env-1df9cc5b-5270-417e-8b23-409e242739c1"><testcase classname="tests.test_pre_deploy_audit.TestAuthFullFlow" name="test_1_register" time="0.391" /><testcase classname="tests.test_pre_deploy_audit.TestPublicContentEndpoints" name="test_public_get_ok[/live/status]" time="0.393" /><testcase classname="tests.test_pre_deploy_audit.TestAuthFullFlow" name="test_2_me" time="0.074" /><testcase classname="tests.test_pre_deploy_audit.TestPublicContentEndpoints" name="test_public_get_ok[/podcasts]" time="0.074" /><testcase classname="tests.test_pre_deploy_audit.TestAuthFullFlow" name="test_3_update_profile" time="0.071" /><testcase classname="tests.test_pre_deploy_audit.TestPublicContentEndpoints" name="test_public_get_ok[/podcasts/categories]" time="0.088" /><testcase classname="tests.test_pre_deploy_audit.TestAuthFullFlow" name="test_4_change_password" time="0.513" /><testcase classname="tests.test_pre_deploy_audit.TestPublicContentEndpoints" name="test_public_get_ok[/meditations]" time="0.495" /><testcase classname="tests.test_pre_deploy_audit.TestAuthFullFlow" name="test_5_login_new_pwd" time="0.295" /><testcase classname="tests.test_pre_deploy_audit.TestPublicContentEndpoints" name="test_public_get_ok[/meditations/categories]" time="0.296" /><testcase classname="tests.test_pre_deploy_audit.TestAuthFullFlow" name="test_6_forgot_password_returns_fallback_code" time="0.075" /><testcase classname="tests.test_pre_deploy_audit.TestPublicContentEndpoints" name="test_public_get_ok[/news]" time="0.076" /><testcase classname="tests.test_pre_deploy_audit.TestAuthFullFlow" name="test_7_reset_password_success" time="0.378" /><testcase classname="tests.test_pre_deploy_audit.TestPublicContentEndpoints" name="test_public_get_ok[/programs]" time="0.114" /><testcase classname="tests.test_pre_deploy_audit.TestPublicContentEndpoints" name="test_public_get_ok[/crew]" time="0.565" /><testcase classname="tests.test_pre_deploy_audit.TestAuthFullFlow" name="test_8_login_after_reset" time="0.338" /><testcase classname="tests.test_pre_deploy_audit.TestPublicContentEndpoints" name="test_public_get_ok[/products]" time="0.273" /><testcase classname="tests.test_pre_deploy_audit.TestAuthFullFlow" name="test_9_logout" time="0.142" /><testcase classname="tests.test_pre_deploy_audit.TestAdminEndpoints" name="test_admin_stats" time="0.091" /><testcase classname="tests.test_pre_deploy_audit.TestAdminEndpoints" name="test_admin_stats_unauth" time="0.122" /><testcase classname="tests.test_pre_deploy_audit.TestPublicContentEndpoints" name="test_public_get_ok[/products/categories]" time="0.072" /><testcase classname="tests.test_pre_deploy_audit.TestPublicContentEndpoints" name="test_public_get_ok[/settings]" time="0.081" /><testcase classname="tests.test_pre_deploy_audit.TestAdminEndpoints" name="test_admin_notifications_audience" time="0.077" /><testcase classname="tests.test_pre_deploy_audit.TestPublicContentEndpoints" name="test_live_status_shape" time="0.137" /><testcase classname="tests.test_pre_deploy_audit.TestAdminEndpoints" name="test_admin_notifications_history" time="0.081" /><testcase classname="tests.test_pre_deploy_audit.TestAdminEndpoints" name="test_admin_users_list" time="0.080" /><testcase classname="tests.test_pre_deploy_audit.TestErrorHandling" name="test_podcast_not_found" time="0.078" /><testcase classname="tests.test_pre_deploy_audit.TestAdminEndpoints" name="test_admin_donations_list" time="0.076" /><testcase classname="tests.test_pre_deploy_audit.TestErrorHandling" name="test_news_not_found" time="0.117" /><testcase classname="tests.test_pre_deploy_audit.TestNotificationSettings" name="test_notifications_default" time="0.405" /><testcase classname="tests.test_pre_deploy_audit.TestErrorHandling" name="test_meditation_not_found" time="0.241" /><testcase classname="tests.test_pre_deploy_audit.TestErrorHandling" name="test_bad_session_token_401" time="0.113" /><testcase classname="tests.test_pre_deploy_audit.TestNotificationSettings" name="test_notifications_unauth" time="0.080" /><testcase classname="tests.test_pre_deploy_audit.TestDonationsCheckout" name="test_checkout_creates_session" time="0.716" /></testsuite></testsuites>