<?xml version="1.0" encoding="utf-8"?><testsuites name="pytest tests"><testsuite name="pytest" errors="0" failures="0" skipped="0" tests="15" time="24.844" timestamp="2026-07-29T23:58:59.894513+00:00" hostname="agent-env-1df9cc5b-5270-417e-8b23-409e242739c1"><testcase classname="tests.test_v11_hardening.TestRateLimit" name="test_login_rate_limit_returns_429" time="3.100" /><testcase classname="tests.test_v11_hardening.TestVerseRegression" name="test_verse_today_200" time="0.456" /><testcase classname="tests.test_v11_hardening.TestVerseRegression" name="test_verse_by_id_200_and_404" time="0.255" /><testcase classname="tests.test_v11_hardening.TestVerseRegression" name="test_admin_verses_crud" time="0.205" /><testcase classname="tests.test_v11_hardening.TestVerseRegression" name="test_notify_today_returns_recipients_count" time="0.189" /><testcase classname="tests.test_v11_hardening.TestTTSMeditation" name="test_get_today_and_meditation" time="0.149" /><testcase classname="tests.test_v11_hardening.TestTTSMeditation" name="test_meditation_audio_becomes_ready" time="0.185" /><testcase classname="tests.test_v11_hardening.TestVerseNotifConfig" name="test_get_returns_all_fields" time="0.071" /><testcase classname="tests.test_v11_hardening.TestVerseNotifConfig" name="test_put_persists_and_filters_invalid_day" time="0.161" /><testcase classname="tests.test_v11_hardening.TestAuthGuard" name="test_verse_notification_requires_auth" time="0.027" /><testcase classname="tests.test_v11_hardening.TestAuthGuard" name="test_admin_verses_requires_auth" time="0.072" /><testcase classname="tests.test_v11_hardening.TestAudioInvalidation" name="test_manual_meditation_invalidates_audio_and_locks" time="22.666" /><testcase classname="tests.test_v11_hardening.TestRateLimit" name="test_after_window_login_route_recovers" time="0.029" /><testcase classname="tests.test_v11_hardening.TestAntiReDoS" name="test_podcasts_search_evil_regex_is_safe" time="0.029" /><testcase classname="tests.test_v11_hardening.TestAntiReDoS" name="test_meditations_search_special_chars_is_safe" time="0.081" /></testsuite></testsuites>