<?xml version="1.0" encoding="utf-8"?><testsuites name="pytest tests"><testsuite name="pytest" errors="0" failures="0" skipped="0" tests="8" time="2.727" timestamp="2026-07-25T13:32:52.376314+00:00" hostname="agent-env-1df9cc5b-5270-417e-8b23-409e242739c1"><testcase classname="tests.test_account_deletion.TestAccountDeletion" name="test_1_delete_requires_auth" time="0.174" /><testcase classname="tests.test_account_deletion.TestAccountDeletion" name="test_2_delete_rejects_bad_token" time="0.113" /><testcase classname="tests.test_account_deletion.TestAccountDeletion" name="test_3_me_works_before_delete" time="0.402" /><testcase classname="tests.test_account_deletion.TestAccountDeletion" name="test_4_delete_account_success" time="0.106" /><testcase classname="tests.test_account_deletion.TestAccountDeletion" name="test_5_old_token_invalidated" time="0.111" /><testcase classname="tests.test_account_deletion.TestAccountDeletion" name="test_6_login_fails_after_delete" time="0.094" /><testcase classname="tests.test_account_deletion.TestAccountDeletion" name="test_7_delete_no_500" time="0.460" /><testcase classname="tests.test_account_deletion.TestAccountDeletion" name="test_8_email_can_be_reregistered" time="0.800" /></testsuite></testsuites>