<?xml version="1.0" encoding="utf-8"?><testsuites name="pytest tests"><testsuite name="pytest" errors="0" failures="0" skipped="0" tests="22" time="6.246" timestamp="2026-07-26T00:29:08.251148+00:00" hostname="agent-env-1df9cc5b-5270-417e-8b23-409e242739c1"><testcase classname="tests.test_meditations_media.TestAuthGuards" name="test_upload_init_requires_auth" time="0.467" /><testcase classname="tests.test_meditations_media.TestProviderDetection" name="test_embed_provider_detected[https://www.youtube.com/watch?v=dQw4w9WgXcQ-youtube]" time="1.347" /><testcase classname="tests.test_meditations_media.TestAuthGuards" name="test_upload_chunk_requires_auth" time="0.098" /><testcase classname="tests.test_meditations_media.TestAuthGuards" name="test_upload_complete_requires_auth" time="0.078" /><testcase classname="tests.test_meditations_media.TestAuthGuards" name="test_admin_meditation_post_requires_auth" time="0.097" /><testcase classname="tests.test_meditations_media.TestAuthGuards" name="test_admin_meditation_patch_requires_auth" time="0.088" /><testcase classname="tests.test_meditations_media.TestAuthGuards" name="test_admin_meditation_delete_requires_auth" time="0.090" /><testcase classname="tests.test_meditations_media.TestChunkedUploadAndStreaming" name="test_pdf_upload_and_stream" time="0.777" /><testcase classname="tests.test_meditations_media.TestProviderDetection" name="test_embed_provider_detected[https://youtu.be/dQw4w9WgXcQ-youtube]" time="0.673" /><testcase classname="tests.test_meditations_media.TestChunkedUploadAndStreaming" name="test_mp3_upload_and_media_type_audio" time="0.392" /><testcase classname="tests.test_meditations_media.TestProviderDetection" name="test_embed_provider_detected[https://vimeo.com/76979871-vimeo]" time="0.317" /><testcase classname="tests.test_meditations_media.TestChunkedUploadAndStreaming" name="test_media_404_for_bad_id" time="0.071" /><testcase classname="tests.test_meditations_media.TestUploadedMediaMeditation" name="test_meditation_with_media_id" time="0.552" /><testcase classname="tests.test_meditations_media.TestProviderDetection" name="test_embed_provider_detected[https://open.spotify.com/episode/512ojhOuo1ktJprKbVcKyQ-spotify]" time="0.272" /><testcase classname="tests.test_meditations_media.TestProviderDetection" name="test_embed_provider_detected[https://www.tiktok.com/@user/video/1234-tiktok]" time="0.255" /><testcase classname="tests.test_meditations_media.TestUploadedMediaMeditation" name="test_patch_replaces_media_deletes_old_gridfs" time="1.035" /><testcase classname="tests.test_meditations_media.TestProviderDetection" name="test_embed_provider_detected[https://www.instagram.com/reel/abc/-instagram]" time="0.310" /><testcase classname="tests.test_meditations_media.TestProviderDetection" name="test_embed_provider_detected[https://www.facebook.com/watch?v=1234-facebook]" time="0.706" /><testcase classname="tests.test_meditations_media.TestUploadedMediaMeditation" name="test_delete_meditation_removes_gridfs" time="0.657" /><testcase classname="tests.test_meditations_media.TestBackwardCompat" name="test_legacy_video_url_only_returns_content_type" time="1.015" /><testcase classname="tests.test_meditations_media.TestPublicVisibility" name="test_draft_hidden_scheduled_hidden_published_shown" time="0.729" /><testcase classname="tests.test_meditations_media.TestPublicVisibility" name="test_categories_endpoint" time="0.711" /></testsuite></testsuites>