<?xml version="1.0" encoding="utf-8"?><testsuites name="pytest tests"><testsuite name="pytest" errors="0" failures="0" skipped="0" tests="8" time="1.594" timestamp="2026-07-31T14:33:47.993917+00:00" hostname="agent-env-1df9cc5b-5270-417e-8b23-409e242739c1"><testcase classname="tests.test_live_status_radio_player.TestLiveStatusRadioPlayer" name="test_endpoint_never_500" time="0.302" /><testcase classname="tests.test_live_status_radio_player.TestLiveStatusRadioPlayer" name="test_required_keys_present" time="0.060" /><testcase classname="tests.test_live_status_radio_player.TestLiveStatusRadioPlayer" name="test_playing_next_type" time="0.056" /><testcase classname="tests.test_live_status_radio_player.TestLiveStatusRadioPlayer" name="test_song_history_type" time="0.054" /><testcase classname="tests.test_live_status_radio_player.TestLiveStatusRadioPlayer" name="test_current_program_type" time="0.096" /><testcase classname="tests.test_live_status_radio_player.TestLiveStatusRadioPlayer" name="test_next_program_shape" time="0.097" /><testcase classname="tests.test_live_status_radio_player.TestLiveStatusRadioPlayer" name="test_azuracast_unreachable_graceful" time="0.056" /><testcase classname="tests.test_live_status_radio_player.TestLiveStatusRadioPlayer" name="test_repeated_calls_stable" time="0.762" /></testsuite></testsuites>