<?xml version="1.0" encoding="utf-8"?><testsuites name="pytest tests"><testsuite name="pytest" errors="0" failures="0" skipped="0" tests="18" time="16.748" timestamp="2026-07-24T23:58:36.186525+00:00" hostname="agent-env-1df9cc5b-5270-417e-8b23-409e242739c1"><testcase classname="tests.test_radio_control.TestAdminRadioControl" name="test_control_requires_auth" time="0.177" /><testcase classname="tests.test_radio_control.TestPublicRegression" name="test_live_status_shape_full" time="0.282" /><testcase classname="tests.test_radio_control.TestAdminRadioControl" name="test_invalid_action_400" time="0.037" /><testcase classname="tests.test_radio_control.TestAdminRadioControl" name="test_start_ok_when_stopped_or_running" time="0.236" /><testcase classname="tests.test_radio_control.TestPublicRegression" name="test_public_endpoints_200[/api/podcasts]" time="0.029" /><testcase classname="tests.test_radio_control.TestPublicRegression" name="test_public_endpoints_200[/api/news]" time="0.031" /><testcase classname="tests.test_radio_control.TestPublicRegression" name="test_public_endpoints_200[/api/products]" time="0.229" /><testcase classname="tests.test_radio_control.TestAdminRadioControl" name="test_restart_ok_and_station_running" time="15.327" /><testcase classname="tests.test_radio_control.TestPublicRegression" name="test_public_endpoints_200[/api/programs]" time="0.029" /><testcase classname="tests.test_radio_control.TestAdminRadioMasking" name="test_get_masks_api_key" time="0.031" /><testcase classname="tests.test_radio_control.TestAdminRadioMasking" name="test_put_empty_key_does_not_wipe" time="0.029" /><testcase classname="tests.test_radio_control.TestAdminRadioMasking" name="test_put_updates_live_watch_url_and_refresh" time="0.247" /><testcase classname="tests.test_radio_control.TestAdminRadioLive" name="test_live_requires_auth" time="0.028" /><testcase classname="tests.test_radio_control.TestAdminRadioLive" name="test_invalid_action_400" time="0.070" /><testcase classname="tests.test_radio_control.TestAdminRadioLive" name="test_live_start_persists_then_end_restores" time="13.492" /><testcase classname="tests.test_radio_control.TestAdminRadioStatus" name="test_status_requires_auth" time="0.036" /><testcase classname="tests.test_radio_control.TestAdminRadioStatus" name="test_status_non_admin_forbidden" time="0.339" /><testcase classname="tests.test_radio_control.TestAdminRadioStatus" name="test_status_shape_admin_ok" time="0.201" /></testsuite></testsuites>