<?xml version="1.0" encoding="utf-8"?><testsuites name="pytest tests"><testsuite name="pytest" errors="1" failures="0" skipped="0" tests="9" time="13.983" timestamp="2026-08-03T14:59:28.575867+00:00" hostname="agent-env-1df9cc5b-5270-417e-8b23-409e242739c1"><testcase classname="tests.test_reading_plans_v2.TestGranularPermissionPlans" name="test_collab_without_plans_perm_forbidden" time="0.862" /><testcase classname="tests.test_reading_plans_v2.TestGranularPermissionPlans" name="test_collab_with_plans_perm_can_manage" time="0.485" /><testcase classname="tests.test_reading_plans_v2.TestGranularPermissionPlans" name="test_collab_with_plans_perm_cannot_access_verses" time="0.379" /><testcase classname="tests.test_reading_plans_v2.TestGranularPermissionPlans" name="test_collab_with_verses_perm_can_access_verses" time="0.782" /><testcase classname="tests.test_reading_plans_v2.TestGranularPermissionPlans" name="test_collab_with_verses_perm_cannot_access_plans" time="0.421" /><testcase classname="tests.test_reading_plans_v2.TestGranularPermissionPlans" name="test_admin_full_access" time="0.335" /><testcase classname="tests.test_reading_plans_v2.TestCoverField" name="test_create_update_cover_persists" time="0.294" /><testcase classname="tests.test_reading_plans_v2.TestPublicRegression" name="test_public_list_and_detail" time="0.123" /><testcase classname="tests.test_reading_plans_v2.TestPublicRegression" name="test_enroll_day_unenroll_flow" time="10.213"><error message="failed on setup with &quot;AssertionError: {&quot;detail&quot;:&quot;Troppe richieste, riprova tra qualche istante.&quot;}&#10;assert 429 in (200, 201)&#10; +  where 429 = &lt;Response [429]&gt;.status_code&quot;">backend/tests/test_reading_plans_v2.py:66: in listener
    return _register_listener(api)
           ^^^^^^^^^^^^^^^^^^^^^^^
backend/tests/test_reading_plans_v2.py:58: in _register_listener
    assert r.status_code in (200, 201), r.text
E   AssertionError: {"detail":"Troppe richieste, riprova tra qualche istante."}
E   assert 429 in (200, 201)
E    +  where 429 = &lt;Response [429]&gt;.status_code</error></testcase></testsuite></testsuites>