<?xml version="1.0" encoding="utf-8"?><testsuites name="pytest tests"><testsuite name="pytest" errors="0" failures="0" skipped="0" tests="26" time="3.401" timestamp="2026-07-24T15:33:25.516990+00:00" hostname="agent-env-1df9cc5b-5270-417e-8b23-409e242739c1"><testcase classname="tests.test_new_admin.TestAuthGuard" name="test_401_without_token[/api/admin/prayers]" time="0.117" /><testcase classname="tests.test_new_admin.TestHTTP201" name="test_post_podcasts_returns_201" time="0.184" /><testcase classname="tests.test_new_admin.TestAuthGuard" name="test_401_without_token[/api/admin/messages]" time="0.081" /><testcase classname="tests.test_new_admin.TestHTTP201" name="test_post_news_returns_201" time="0.072" /><testcase classname="tests.test_new_admin.TestAuthGuard" name="test_401_without_token[/api/admin/programs]" time="0.091" /><testcase classname="tests.test_new_admin.TestAdminPrayers" name="test_prayer_full_lifecycle" time="0.950" /><testcase classname="tests.test_new_admin.TestAuthGuard" name="test_401_without_token[/api/admin/radio]" time="0.049" /><testcase classname="tests.test_new_admin.TestAuthGuard" name="test_401_without_token[/api/admin/settings]" time="0.039" /><testcase classname="tests.test_new_admin.TestAuthGuard" name="test_401_without_token[/api/admin/users]" time="0.040" /><testcase classname="tests.test_new_admin.TestAuthGuard" name="test_403_non_admin[/api/admin/prayers]" time="0.302" /><testcase classname="tests.test_new_admin.TestAuthGuard" name="test_403_non_admin[/api/admin/messages]" time="0.078" /><testcase classname="tests.test_new_admin.TestAuthGuard" name="test_403_non_admin[/api/admin/programs]" time="0.084" /><testcase classname="tests.test_new_admin.TestAuthGuard" name="test_403_non_admin[/api/admin/radio]" time="0.048" /><testcase classname="tests.test_new_admin.TestAuthGuard" name="test_403_non_admin[/api/admin/settings]" time="0.093" /><testcase classname="tests.test_new_admin.TestAuthGuard" name="test_403_non_admin[/api/admin/users]" time="0.042" /><testcase classname="tests.test_new_admin.TestAuthGuard" name="test_200_admin[/api/admin/prayers]" time="0.041" /><testcase classname="tests.test_new_admin.TestAuthGuard" name="test_200_admin[/api/admin/messages]" time="0.039" /><testcase classname="tests.test_new_admin.TestAuthGuard" name="test_200_admin[/api/admin/programs]" time="0.078" /><testcase classname="tests.test_new_admin.TestAdminMessagesAndTestimonies" name="test_messages_and_testimonies_workflow" time="1.116" /><testcase classname="tests.test_new_admin.TestAuthGuard" name="test_200_admin[/api/admin/radio]" time="0.039" /><testcase classname="tests.test_new_admin.TestAuthGuard" name="test_200_admin[/api/admin/settings]" time="0.036" /><testcase classname="tests.test_new_admin.TestAuthGuard" name="test_200_admin[/api/admin/users]" time="0.039" /><testcase classname="tests.test_new_admin.TestAdminSettings" name="test_settings_get_update_persist_and_public" time="0.343" /><testcase classname="tests.test_new_admin.TestAdminUsers" name="test_users_list_and_delete_rules" time="0.591" /><testcase classname="tests.test_new_admin.TestAdminPrograms" name="test_program_crud_and_201" time="0.390" /><testcase classname="tests.test_new_admin.TestAdminRadio" name="test_radio_get_and_update_persists" time="0.288" /></testsuite></testsuites>