<?xml version="1.0" encoding="utf-8"?><testsuites name="pytest tests"><testsuite name="pytest" errors="0" failures="0" skipped="0" tests="16" time="15.948" timestamp="2026-07-29T21:07:05.547916+00:00" hostname="agent-env-1df9cc5b-5270-417e-8b23-409e242739c1"><testcase classname="tests.test_verses.TestAdminList" name="test_no_token_returns_401" time="0.297" /><testcase classname="tests.test_verses.TestAdminCRUD" name="test_create_verse" time="1.010" /><testcase classname="tests.test_verses.TestAdminList" name="test_list_includes_seeded_124" time="0.604" /><testcase classname="tests.test_verses.TestAdminList" name="test_search_by_reference" time="0.039" /><testcase classname="tests.test_verses.TestAdminList" name="test_search_by_text_substring" time="0.042" /><testcase classname="tests.test_verses.TestVerseToday" name="test_today_returns_verse_with_expected_fields" time="0.087" /><testcase classname="tests.test_verses.TestAdminCRUD" name="test_create_no_token_401" time="0.032" /><testcase classname="tests.test_verses.TestAdminCRUD" name="test_patch_updates_text" time="0.114" /><testcase classname="tests.test_verses.TestVerseToday" name="test_today_deterministic_same_day" time="0.086" /><testcase classname="tests.test_verses.TestAdminCRUD" name="test_patch_no_token_401" time="0.074" /><testcase classname="tests.test_verses.TestVerseById" name="test_get_by_id_ok" time="0.167" /><testcase classname="tests.test_verses.TestAdminCRUD" name="test_patch_unknown_id_404" time="0.033" /><testcase classname="tests.test_verses.TestAdminCRUD" name="test_inactive_excluded_from_today" time="14.016" /><testcase classname="tests.test_verses.TestVerseById" name="test_get_by_id_404" time="0.045" /><testcase classname="tests.test_verses.TestAdminCRUD" name="test_delete_no_token_401" time="0.038" /><testcase classname="tests.test_verses.TestAdminCRUD" name="test_zzz_cleanup_delete_test_verses" time="0.178" /></testsuite></testsuites>