<?xml version="1.0" encoding="utf-8"?><testsuites name="pytest tests"><testsuite name="pytest" errors="0" failures="0" skipped="0" tests="28" time="17.110" timestamp="2026-07-25T10:41:35.558187+00:00" hostname="agent-env-1df9cc5b-5270-417e-8b23-409e242739c1"><testcase classname="tests.test_notifications_account.TestPasswordReset" name="test_forgot_password_unknown_email_no_code" time="0.122" /><testcase classname="tests.test_notifications_account.TestAdminNotifications" name="test_send_requires_admin" time="0.152" /><testcase classname="tests.test_notifications_account.TestPasswordReset" name="test_forgot_password_known_returns_fallback_code" time="0.621" /><testcase classname="tests.test_notifications_account.TestAdminNotifications" name="test_non_admin_forbidden" time="0.582" /><testcase classname="tests.test_notifications_account.TestAdminNotifications" name="test_invalid_category" time="0.143" /><testcase classname="tests.test_notifications_account.TestPasswordReset" name="test_reset_password_wrong_code" time="0.081" /><testcase classname="tests.test_notifications_account.TestPasswordReset" name="test_reset_password_short_password" time="0.087" /><testcase classname="tests.test_notifications_account.TestAdminNotifications" name="test_empty_title_or_message" time="0.344" /><testcase classname="tests.test_notifications_account.TestPasswordReset" name="test_reset_password_success_and_invalidates_sessions" time="0.748" /><testcase classname="tests.test_notifications_account.TestAdminNotifications" name="test_send_success_records_failed_log" time="0.554" /><testcase classname="tests.test_notifications_account.TestAutoNotifications" name="test_create_podcast_logs_new_podcast" time="1.099" /><testcase classname="tests.test_notifications_account.TestAdminNotifications" name="test_audience_counts" time="0.090" /><testcase classname="tests.test_notifications_account.TestChangePassword" name="test_wrong_current_password" time="0.297" /><testcase classname="tests.test_notifications_account.TestChangePassword" name="test_short_new_password" time="0.073" /><testcase classname="tests.test_notifications_account.TestChangePassword" name="test_success" time="0.888" /><testcase classname="tests.test_notifications_account.TestAutoNotifications" name="test_create_meditation_logs_new_meditation" time="0.953" /><testcase classname="tests.test_notifications_account.TestChangePassword" name="test_change_password_unauth" time="0.073" /><testcase classname="tests.test_notifications_account.TestNotifPrefs" name="test_defaults_are_all_true" time="0.093" /><testcase classname="tests.test_notifications_account.TestNotifPrefs" name="test_put_persists" time="0.146" /><testcase classname="tests.test_notifications_account.TestNotifPrefs" name="test_prefs_unauth" time="0.161" /><testcase classname="tests.test_notifications_account.TestUpdateProfile" name="test_update_name" time="0.083" /><testcase classname="tests.test_notifications_account.TestUpdateProfile" name="test_profile_unauth" time="0.070" /><testcase classname="tests.test_notifications_account.TestAutoNotifications" name="test_create_news_published_logs" time="0.823" /><testcase classname="tests.test_notifications_account.TestRegisterPush" name="test_placeholder_key_returns_controlled_error" time="0.204" /><testcase classname="tests.test_notifications_account.TestRegisterPush" name="test_missing_body_is_422_not_crash" time="0.070" /><testcase classname="tests.test_notifications_account.TestAdminStatsExtension" name="test_stats_has_notifications_field" time="0.081" /><testcase classname="tests.test_notifications_account.TestAutoNotifications" name="test_create_news_draft_does_not_log" time="0.444" /><testcase classname="tests.test_notifications_account.TestAutoNotifications" name="test_radio_live_start_logs" time="11.718" /></testsuite></testsuites>