<?xml version="1.0" encoding="utf-8"?><testsuites name="pytest tests"><testsuite name="pytest" errors="0" failures="0" skipped="0" tests="10" time="4.666" timestamp="2026-07-26T18:01:31.566736+00:00" hostname="agent-env-1df9cc5b-5270-417e-8b23-409e242739c1"><testcase classname="tests.test_cms_universal" name="test_content_sections_returns_six" time="0.164" /><testcase classname="tests.test_cms_universal" name="test_public_studi_biblici_returns_seed_items" time="0.099" /><testcase classname="tests.test_cms_universal" name="test_invalid_section_returns_404" time="0.092" /><testcase classname="tests.test_cms_universal" name="test_draft_hidden_and_published_visible_in_public" time="0.853" /><testcase classname="tests.test_cms_universal" name="test_patch_updates_title_and_category" time="0.260" /><testcase classname="tests.test_cms_universal" name="test_duplicate_creates_draft_copy" time="0.430" /><testcase classname="tests.test_cms_universal" name="test_delete_removes_content" time="0.260" /><testcase classname="tests.test_cms_universal" name="test_public_filters_category_and_search" time="0.589" /><testcase classname="tests.test_cms_universal" name="test_admin_routes_require_auth" time="0.531" /><testcase classname="tests.test_cms_universal" name="test_seed_items_still_present_at_end" time="0.974" /></testsuite></testsuites>