<?xml version="1.0" encoding="utf-8"?><testsuites name="pytest tests"><testsuite name="pytest" errors="0" failures="0" skipped="0" tests="31" time="5.612" timestamp="2026-07-27T21:01:59.693937+00:00" hostname="agent-env-1df9cc5b-5270-417e-8b23-409e242739c1"><testcase classname="tests.test_pre_launch.TestPublicMedia" name="test_podcasts" time="0.287" /><testcase classname="tests.test_pre_launch.TestPublicMedia" name="test_meditations" time="0.250" /><testcase classname="tests.test_pre_launch.TestNotifications" name="test_admin_audience" time="0.638" /><testcase classname="tests.test_pre_launch.TestPublicMedia" name="test_radio_nowplaying" time="0.106" /><testcase classname="tests.test_pre_launch.TestNotifications" name="test_admin_send_notification_success" time="0.361" /><testcase classname="tests.test_pre_launch.TestPublicMedia" name="test_products_list" time="0.604" /><testcase classname="tests.test_pre_launch.TestNotifications" name="test_admin_send_notification_invalid_category" time="0.085" /><testcase classname="tests.test_pre_launch.TestNotifications" name="test_admin_send_notification_missing_content" time="0.047" /><testcase classname="tests.test_pre_launch.TestNotifications" name="test_admin_notifications_requires_auth" time="0.041" /><testcase classname="tests.test_pre_launch.TestNotifications" name="test_admin_notifications_log_timezone_offset" time="0.456" /><testcase classname="tests.test_pre_launch.TestPublicMedia" name="test_team_crew_public" time="0.032" /><testcase classname="tests.test_pre_launch.TestAdmin" name="test_admin_stats" time="0.306" /><testcase classname="tests.test_pre_launch.TestAdmin" name="test_admin_users_list" time="0.036" /><testcase classname="tests.test_pre_launch.TestAdmin" name="test_admin_activity" time="0.036" /><testcase classname="tests.test_pre_launch.TestAdmin" name="test_admin_requires_auth" time="0.335" /><testcase classname="tests.test_pre_launch.TestNotifications" name="test_user_notification_prefs_get_and_set" time="0.515" /><testcase classname="tests.test_pre_launch.TestWebPush" name="test_public_key" time="0.072" /><testcase classname="tests.test_pre_launch.TestWebPush" name="test_subscribe_and_unsubscribe" time="0.096" /><testcase classname="tests.test_pre_launch.TestAuth" name="test_register_login_logout_session" time="1.079" /><testcase classname="tests.test_pre_launch.TestWebPush" name="test_subscribe_invalid" time="0.281" /><testcase classname="tests.test_pre_launch.TestCMS" name="test_content_sections" time="0.075" /><testcase classname="tests.test_pre_launch.TestCMS" name="test_studi_biblici_seeds" time="0.033" /><testcase classname="tests.test_pre_launch.TestCMS" name="test_admin_content_crud" time="0.691" /><testcase classname="tests.test_pre_launch.TestAuth" name="test_admin_login_grants_role" time="0.310" /><testcase classname="tests.test_pre_launch.TestPayments" name="test_donations_checkout_bad_amount" time="0.279" /><testcase classname="tests.test_pre_launch.TestPayments" name="test_donations_checkout_valid_amount_reaches_stripe" time="0.314" /><testcase classname="tests.test_pre_launch.TestAuth" name="test_forgot_and_reset_password_flow" time="1.484" /><testcase classname="tests.test_pre_launch.TestPayments" name="test_orders_checkout_empty_cart" time="0.070" /><testcase classname="tests.test_pre_launch.TestStability" name="test_no_500_on_public_endpoints" time="1.100" /><testcase classname="tests.test_pre_launch.TestPrayersMessages" name="test_submit_prayer" time="0.084" /><testcase classname="tests.test_pre_launch.TestPrayersMessages" name="test_submit_message" time="0.080" /></testsuite></testsuites>