<?xml version="1.0" encoding="utf-8"?><testsuites name="pytest tests"><testsuite name="pytest" errors="0" failures="0" skipped="0" tests="7" time="2.299" timestamp="2026-08-18T09:59:22.786812+00:00" hostname="agent-env-1df9cc5b-5270-417e-8b23-409e242739c1"><testcase classname="tests.test_live_now_filler.TestLiveNowShape" name="test_public_returns_200_and_shape" time="0.343" /><testcase classname="tests.test_live_now_filler.TestAdminSettingsFillerPersistence" name="test_put_requires_auth" time="0.397" /><testcase classname="tests.test_live_now_filler.TestAdminSettingsFillerPersistence" name="test_put_persists_filler_and_get_reflects" time="1.118" /><testcase classname="tests.test_live_now_filler.TestAdminSettingsFillerPersistence" name="test_exclude_unset_does_not_wipe_other_fields" time="0.066" /><testcase classname="tests.test_live_now_filler.TestAdminSettingsFillerPersistence" name="test_live_now_reflects_filler" time="0.071" /><testcase classname="tests.test_live_now_filler.TestAdminSettingsFillerPersistence" name="test_switching_kind_to_video_reflects" time="0.107" /><testcase classname="tests.test_live_now_filler.TestAdminSettingsFillerPersistence" name="test_clearing_kind_reflects" time="0.093" /></testsuite></testsuites>