<?xml version="1.0" encoding="utf-8"?><testsuites name="pytest tests"><testsuite name="pytest" errors="0" failures="0" skipped="0" tests="26" time="3.261" timestamp="2026-07-24T13:00:57.060724+00:00" hostname="agent-env-1df9cc5b-5270-417e-8b23-409e242739c1"><testcase classname="tests.backend_test" name="test_live_status" time="0.266" /><testcase classname="tests.backend_test" name="test_podcasts_list" time="0.047" /><testcase classname="tests.backend_test" name="test_podcasts_categories" time="0.044" /><testcase classname="tests.backend_test" name="test_podcasts_search" time="0.155" /><testcase classname="tests.backend_test" name="test_podcasts_category_filter" time="0.081" /><testcase classname="tests.backend_test" name="test_news_list" time="0.045" /><testcase classname="tests.backend_test" name="test_news_detail" time="0.043" /><testcase classname="tests.backend_test" name="test_news_detail_404" time="0.042" /><testcase classname="tests.backend_test" name="test_programs_list" time="0.039" /><testcase classname="tests.backend_test" name="test_prayer_anonymous" time="0.056" /><testcase classname="tests.backend_test" name="test_prayer_named" time="0.043" /><testcase classname="tests.backend_test" name="test_messages" time="0.094" /><testcase classname="tests.backend_test" name="test_contact" time="0.051" /><testcase classname="tests.backend_test" name="test_register" time="0.265" /><testcase classname="tests.backend_test" name="test_register_duplicate" time="0.041" /><testcase classname="tests.backend_test" name="test_login_bad" time="0.264" /><testcase classname="tests.backend_test" name="test_login_good" time="0.304" /><testcase classname="tests.backend_test" name="test_me" time="0.084" /><testcase classname="tests.backend_test" name="test_me_unauth" time="0.125" /><testcase classname="tests.backend_test" name="test_favorite_toggle_on" time="0.091" /><testcase classname="tests.backend_test" name="test_favorite_ids_contains" time="0.099" /><testcase classname="tests.backend_test" name="test_favorites_list" time="0.126" /><testcase classname="tests.backend_test" name="test_favorite_toggle_off" time="0.116" /><testcase classname="tests.backend_test" name="test_history_add" time="0.120" /><testcase classname="tests.backend_test" name="test_history_get" time="0.116" /><testcase classname="tests.backend_test" name="test_logout" time="0.175" /></testsuite></testsuites>