<?xml version="1.0" encoding="utf-8"?><testsuites name="pytest tests"><testsuite name="pytest" errors="0" failures="0" skipped="0" tests="58" time="9.125" timestamp="2026-07-24T14:18:36.265399+00:00" hostname="agent-env-1df9cc5b-5270-417e-8b23-409e242739c1"><testcase classname="tests.backend_test" name="test_live_status" time="0.137" /><testcase classname="tests.backend_test" name="test_podcasts_list" time="0.047" /><testcase classname="tests.backend_test" name="test_podcasts_categories" time="0.044" /><testcase classname="tests.backend_test" name="test_podcasts_search" time="0.035" /><testcase classname="tests.backend_test" name="test_podcasts_category_filter" time="0.079" /><testcase classname="tests.backend_test" name="test_news_list" time="0.039" /><testcase classname="tests.backend_test" name="test_news_detail" time="0.082" /><testcase classname="tests.backend_test" name="test_news_detail_404" time="0.047" /><testcase classname="tests.backend_test" name="test_programs_list" time="0.080" /><testcase classname="tests.backend_test" name="test_prayer_anonymous" time="0.039" /><testcase classname="tests.backend_test" name="test_prayer_named" time="0.039" /><testcase classname="tests.backend_test" name="test_messages" time="0.041" /><testcase classname="tests.backend_test" name="test_contact" time="0.081" /><testcase classname="tests.backend_test" name="test_register" time="0.266" /><testcase classname="tests.backend_test" name="test_register_duplicate" time="0.082" /><testcase classname="tests.backend_test" name="test_login_bad" time="0.264" /><testcase classname="tests.backend_test" name="test_login_good" time="0.306" /><testcase classname="tests.backend_test" name="test_me" time="0.070" /><testcase classname="tests.backend_test" name="test_me_unauth" time="0.102" /><testcase classname="tests.backend_test" name="test_favorite_toggle_on" time="0.080" /><testcase classname="tests.backend_test" name="test_favorite_ids_contains" time="0.088" /><testcase classname="tests.backend_test" name="test_favorites_list" time="0.089" /><testcase classname="tests.backend_test" name="test_favorite_toggle_off" time="0.098" /><testcase classname="tests.backend_test" name="test_history_add" time="0.078" /><testcase classname="tests.backend_test" name="test_history_get" time="0.090" /><testcase classname="tests.backend_test" name="test_logout" time="0.166" /><testcase classname="tests.backend_test" name="test_crew_list" time="0.038" /><testcase classname="tests.backend_test" name="test_crew_member_detail" time="0.078" /><testcase classname="tests.backend_test" name="test_crew_member_404" time="0.041" /><testcase classname="tests.backend_test" name="test_crew_application_full" time="0.038" /><testcase classname="tests.backend_test" name="test_crew_application_minimal" time="0.077" /><testcase classname="tests.backend_test" name="test_crew_application_missing_required" time="0.044" /><testcase classname="tests.backend_test" name="test_crew_applications_not_publicly_listed" time="0.039" /><testcase classname="tests.test_admin" name="test_admin_endpoint_requires_auth[GET-/admin/me]" time="0.090" /><testcase classname="tests.test_admin" name="test_admin_endpoint_requires_auth[GET-/admin/stats]" time="0.079" /><testcase classname="tests.test_admin" name="test_admin_endpoint_requires_auth[GET-/admin/applications]" time="0.080" /><testcase classname="tests.test_admin" name="test_admin_endpoint_requires_auth[GET-/admin/applications/xyz]" time="0.093" /><testcase classname="tests.test_admin" name="test_admin_endpoint_requires_auth[PATCH-/admin/applications/xyz]" time="0.080" /><testcase classname="tests.test_admin" name="test_admin_endpoint_requires_auth[POST-/admin/applications/xyz/approve]" time="0.092" /><testcase classname="tests.test_admin" name="test_admin_endpoint_requires_auth[POST-/admin/applications/xyz/reject]" time="0.197" /><testcase classname="tests.test_admin" name="test_admin_endpoint_requires_auth[DELETE-/admin/applications/xyz]" time="0.090" /><testcase classname="tests.test_admin" name="test_admin_endpoint_requires_auth[GET-/admin/crew]" time="0.091" /><testcase classname="tests.test_admin" name="test_admin_endpoint_requires_auth[PATCH-/admin/crew/xyz]" time="0.081" /><testcase classname="tests.test_admin" name="test_admin_endpoint_requires_auth[POST-/admin/crew/xyz/portrait]" time="0.084" /><testcase classname="tests.test_admin" name="test_admin_endpoint_requires_auth[DELETE-/admin/crew/xyz]" time="0.079" /><testcase classname="tests.test_admin" name="test_non_admin_gets_403" time="1.460" /><testcase classname="tests.test_admin" name="test_admin_me" time="0.180" /><testcase classname="tests.test_admin" name="test_admin_stats" time="0.078" /><testcase classname="tests.test_admin" name="test_admin_applications_filters" time="0.683" /><testcase classname="tests.test_admin" name="test_approve_creates_public_crew_member_and_sync_and_delete" time="1.239" /><testcase classname="tests.test_admin" name="test_reject_does_not_publish_and_delete_cleanup" time="0.499" /><testcase classname="tests.test_admin" name="test_public_endpoints_still_work[/crew]" time="0.082" /><testcase classname="tests.test_admin" name="test_public_endpoints_still_work[/live/status]" time="0.082" /><testcase classname="tests.test_admin" name="test_public_endpoints_still_work[/podcasts]" time="0.072" /><testcase classname="tests.test_admin" name="test_public_endpoints_still_work[/news]" time="0.105" /><testcase classname="tests.test_admin" name="test_public_endpoints_still_work[/programs]" time="0.075" /><testcase classname="tests.test_admin" name="test_luigi_and_concetta_untouched" time="0.283" /><testcase classname="tests.test_admin" name="test_zzz_final_cleanup" time="0.155" /></testsuite></testsuites>